
data_abort:     file format elf64-x86-64
data_abort
architecture: i386:x86-64, flags 0x00000150:
HAS_SYMS, DYNAMIC, D_PAGED
start address 0x0000000000001060

Program Header:
    PHDR off    0x0000000000000040 vaddr 0x0000000000000040 paddr 0x0000000000000040 align 2**3
         filesz 0x00000000000002d8 memsz 0x00000000000002d8 flags r--
  INTERP off    0x0000000000000318 vaddr 0x0000000000000318 paddr 0x0000000000000318 align 2**0
         filesz 0x000000000000001c memsz 0x000000000000001c flags r--
    LOAD off    0x0000000000000000 vaddr 0x0000000000000000 paddr 0x0000000000000000 align 2**12
         filesz 0x00000000000005f8 memsz 0x00000000000005f8 flags r--
    LOAD off    0x0000000000001000 vaddr 0x0000000000001000 paddr 0x0000000000001000 align 2**12
         filesz 0x0000000000000205 memsz 0x0000000000000205 flags r-x
    LOAD off    0x0000000000002000 vaddr 0x0000000000002000 paddr 0x0000000000002000 align 2**12
         filesz 0x0000000000000168 memsz 0x0000000000000168 flags r--
    LOAD off    0x0000000000002db8 vaddr 0x0000000000003db8 paddr 0x0000000000003db8 align 2**12
         filesz 0x0000000000000258 memsz 0x0000000000000260 flags rw-
 DYNAMIC off    0x0000000000002dc8 vaddr 0x0000000000003dc8 paddr 0x0000000000003dc8 align 2**3
         filesz 0x00000000000001f0 memsz 0x00000000000001f0 flags rw-
    NOTE off    0x0000000000000338 vaddr 0x0000000000000338 paddr 0x0000000000000338 align 2**3
         filesz 0x0000000000000020 memsz 0x0000000000000020 flags r--
    NOTE off    0x0000000000000358 vaddr 0x0000000000000358 paddr 0x0000000000000358 align 2**2
         filesz 0x0000000000000044 memsz 0x0000000000000044 flags r--
0x6474e553 off    0x0000000000000338 vaddr 0x0000000000000338 paddr 0x0000000000000338 align 2**3
         filesz 0x0000000000000020 memsz 0x0000000000000020 flags r--
EH_FRAME off    0x0000000000002018 vaddr 0x0000000000002018 paddr 0x0000000000002018 align 2**2
         filesz 0x0000000000000044 memsz 0x0000000000000044 flags r--
   STACK off    0x0000000000000000 vaddr 0x0000000000000000 paddr 0x0000000000000000 align 2**4
         filesz 0x0000000000000000 memsz 0x0000000000000000 flags rw-
   RELRO off    0x0000000000002db8 vaddr 0x0000000000003db8 paddr 0x0000000000003db8 align 2**0
         filesz 0x0000000000000248 memsz 0x0000000000000248 flags r--

Dynamic Section:
  NEEDED               libc.so.6
  INIT                 0x0000000000001000
  FINI                 0x00000000000011f8
  INIT_ARRAY           0x0000000000003db8
  INIT_ARRAYSZ         0x0000000000000008
  FINI_ARRAY           0x0000000000003dc0
  FINI_ARRAYSZ         0x0000000000000008
  GNU_HASH             0x00000000000003a0
  STRTAB               0x0000000000000470
  SYMTAB               0x00000000000003c8
  STRSZ                0x0000000000000082
  SYMENT               0x0000000000000018
  DEBUG                0x0000000000000000
  PLTGOT               0x0000000000003fb8
  PLTRELSZ             0x0000000000000018
  PLTREL               0x0000000000000007
  JMPREL               0x00000000000005e0
  RELA                 0x0000000000000520
  RELASZ               0x00000000000000c0
  RELAENT              0x0000000000000018
  FLAGS                0x0000000000000008
  FLAGS_1              0x0000000008000001
  VERNEED              0x0000000000000500
  VERNEEDNUM           0x0000000000000001
  VERSYM               0x00000000000004f2
  RELACOUNT            0x0000000000000003

Version References:
  required from libc.so.6:
    0x09691a75 0x00 02 GLIBC_2.2.5

Sections:
Idx Name          Size      VMA               LMA               File off  Algn
  0 .interp       0000001c  0000000000000318  0000000000000318  00000318  2**0
                  CONTENTS, ALLOC, LOAD, READONLY, DATA
  1 .note.gnu.property 00000020  0000000000000338  0000000000000338  00000338  2**3
                  CONTENTS, ALLOC, LOAD, READONLY, DATA
  2 .note.gnu.build-id 00000024  0000000000000358  0000000000000358  00000358  2**2
                  CONTENTS, ALLOC, LOAD, READONLY, DATA
  3 .note.ABI-tag 00000020  000000000000037c  000000000000037c  0000037c  2**2
                  CONTENTS, ALLOC, LOAD, READONLY, DATA
  4 .gnu.hash     00000024  00000000000003a0  00000000000003a0  000003a0  2**3
                  CONTENTS, ALLOC, LOAD, READONLY, DATA
  5 .dynsym       000000a8  00000000000003c8  00000000000003c8  000003c8  2**3
                  CONTENTS, ALLOC, LOAD, READONLY, DATA
  6 .dynstr       00000082  0000000000000470  0000000000000470  00000470  2**0
                  CONTENTS, ALLOC, LOAD, READONLY, DATA
  7 .gnu.version  0000000e  00000000000004f2  00000000000004f2  000004f2  2**1
                  CONTENTS, ALLOC, LOAD, READONLY, DATA
  8 .gnu.version_r 00000020  0000000000000500  0000000000000500  00000500  2**3
                  CONTENTS, ALLOC, LOAD, READONLY, DATA
  9 .rela.dyn     000000c0  0000000000000520  0000000000000520  00000520  2**3
                  CONTENTS, ALLOC, LOAD, READONLY, DATA
 10 .rela.plt     00000018  00000000000005e0  00000000000005e0  000005e0  2**3
                  CONTENTS, ALLOC, LOAD, READONLY, DATA
 11 .init         0000001b  0000000000001000  0000000000001000  00001000  2**2
                  CONTENTS, ALLOC, LOAD, READONLY, CODE
 12 .plt          00000020  0000000000001020  0000000000001020  00001020  2**4
                  CONTENTS, ALLOC, LOAD, READONLY, CODE
 13 .plt.got      00000010  0000000000001040  0000000000001040  00001040  2**4
                  CONTENTS, ALLOC, LOAD, READONLY, CODE
 14 .plt.sec      00000010  0000000000001050  0000000000001050  00001050  2**4
                  CONTENTS, ALLOC, LOAD, READONLY, CODE
 15 .text         00000195  0000000000001060  0000000000001060  00001060  2**4
                  CONTENTS, ALLOC, LOAD, READONLY, CODE
 16 .fini         0000000d  00000000000011f8  00000000000011f8  000011f8  2**2
                  CONTENTS, ALLOC, LOAD, READONLY, CODE
 17 .rodata       00000017  0000000000002000  0000000000002000  00002000  2**2
                  CONTENTS, ALLOC, LOAD, READONLY, DATA
 18 .eh_frame_hdr 00000044  0000000000002018  0000000000002018  00002018  2**2
                  CONTENTS, ALLOC, LOAD, READONLY, DATA
 19 .eh_frame     00000108  0000000000002060  0000000000002060  00002060  2**3
                  CONTENTS, ALLOC, LOAD, READONLY, DATA
 20 .init_array   00000008  0000000000003db8  0000000000003db8  00002db8  2**3
                  CONTENTS, ALLOC, LOAD, DATA
 21 .fini_array   00000008  0000000000003dc0  0000000000003dc0  00002dc0  2**3
                  CONTENTS, ALLOC, LOAD, DATA
 22 .dynamic      000001f0  0000000000003dc8  0000000000003dc8  00002dc8  2**3
                  CONTENTS, ALLOC, LOAD, DATA
 23 .got          00000048  0000000000003fb8  0000000000003fb8  00002fb8  2**3
                  CONTENTS, ALLOC, LOAD, DATA
 24 .data         00000010  0000000000004000  0000000000004000  00003000  2**3
                  CONTENTS, ALLOC, LOAD, DATA
 25 .bss          00000008  0000000000004010  0000000000004010  00003010  2**0
                  ALLOC
 26 .comment      0000002a  0000000000000000  0000000000000000  00003010  2**0
                  CONTENTS, READONLY
SYMBOL TABLE:
0000000000000318 l    d  .interp	0000000000000000              .interp
0000000000000338 l    d  .note.gnu.property	0000000000000000              .note.gnu.property
0000000000000358 l    d  .note.gnu.build-id	0000000000000000              .note.gnu.build-id
000000000000037c l    d  .note.ABI-tag	0000000000000000              .note.ABI-tag
00000000000003a0 l    d  .gnu.hash	0000000000000000              .gnu.hash
00000000000003c8 l    d  .dynsym	0000000000000000              .dynsym
0000000000000470 l    d  .dynstr	0000000000000000              .dynstr
00000000000004f2 l    d  .gnu.version	0000000000000000              .gnu.version
0000000000000500 l    d  .gnu.version_r	0000000000000000              .gnu.version_r
0000000000000520 l    d  .rela.dyn	0000000000000000              .rela.dyn
00000000000005e0 l    d  .rela.plt	0000000000000000              .rela.plt
0000000000001000 l    d  .init	0000000000000000              .init
0000000000001020 l    d  .plt	0000000000000000              .plt
0000000000001040 l    d  .plt.got	0000000000000000              .plt.got
0000000000001050 l    d  .plt.sec	0000000000000000              .plt.sec
0000000000001060 l    d  .text	0000000000000000              .text
00000000000011f8 l    d  .fini	0000000000000000              .fini
0000000000002000 l    d  .rodata	0000000000000000              .rodata
0000000000002018 l    d  .eh_frame_hdr	0000000000000000              .eh_frame_hdr
0000000000002060 l    d  .eh_frame	0000000000000000              .eh_frame
0000000000003db8 l    d  .init_array	0000000000000000              .init_array
0000000000003dc0 l    d  .fini_array	0000000000000000              .fini_array
0000000000003dc8 l    d  .dynamic	0000000000000000              .dynamic
0000000000003fb8 l    d  .got	0000000000000000              .got
0000000000004000 l    d  .data	0000000000000000              .data
0000000000004010 l    d  .bss	0000000000000000              .bss
0000000000000000 l    d  .comment	0000000000000000              .comment
0000000000000000 l    df *ABS*	0000000000000000              crtstuff.c
0000000000001090 l     F .text	0000000000000000              deregister_tm_clones
00000000000010c0 l     F .text	0000000000000000              register_tm_clones
0000000000001100 l     F .text	0000000000000000              __do_global_dtors_aux
0000000000004010 l     O .bss	0000000000000001              completed.8060
0000000000003dc0 l     O .fini_array	0000000000000000              __do_global_dtors_aux_fini_array_entry
0000000000001140 l     F .text	0000000000000000              frame_dummy
0000000000003db8 l     O .init_array	0000000000000000              __frame_dummy_init_array_entry
0000000000000000 l    df *ABS*	0000000000000000              data_abort.c
0000000000000000 l    df *ABS*	0000000000000000              crtstuff.c
0000000000002164 l     O .eh_frame	0000000000000000              __FRAME_END__
0000000000000000 l    df *ABS*	0000000000000000              
0000000000003dc0 l       .init_array	0000000000000000              __init_array_end
0000000000003dc8 l     O .dynamic	0000000000000000              _DYNAMIC
0000000000003db8 l       .init_array	0000000000000000              __init_array_start
0000000000002018 l       .eh_frame_hdr	0000000000000000              __GNU_EH_FRAME_HDR
0000000000003fb8 l     O .got	0000000000000000              _GLOBAL_OFFSET_TABLE_
0000000000001000 l     F .init	0000000000000000              _init
00000000000011f0 g     F .text	0000000000000005              __libc_csu_fini
0000000000000000  w      *UND*	0000000000000000              _ITM_deregisterTMCloneTable
0000000000004000  w      .data	0000000000000000              data_start
0000000000000000       F *UND*	0000000000000000              puts@@GLIBC_2.2.5
0000000000004010 g       .data	0000000000000000              _edata
00000000000011f8 g     F .fini	0000000000000000              .hidden _fini
0000000000000000       F *UND*	0000000000000000              __libc_start_main@@GLIBC_2.2.5
0000000000004000 g       .data	0000000000000000              __data_start
0000000000000000  w      *UND*	0000000000000000              __gmon_start__
0000000000004008 g     O .data	0000000000000000              .hidden __dso_handle
0000000000002000 g     O .rodata	0000000000000004              _IO_stdin_used
0000000000001180 g     F .text	0000000000000065              __libc_csu_init
0000000000004018 g       .bss	0000000000000000              _end
0000000000001060 g     F .text	000000000000002f              _start
0000000000004010 g       .bss	0000000000000000              __bss_start
0000000000001149 g     F .text	0000000000000036              main
0000000000004010 g     O .data	0000000000000000              .hidden __TMC_END__
0000000000000000  w      *UND*	0000000000000000              _ITM_registerTMCloneTable
0000000000000000  w    F *UND*	0000000000000000              __cxa_finalize@@GLIBC_2.2.5



Disassembly of section .interp:

0000000000000318 <.interp>:
 318:	2f                   	(bad)  
 319:	6c                   	insb   (%dx),%es:(%rdi)
 31a:	69 62 36 34 2f 6c 64 	imul   $0x646c2f34,0x36(%rdx),%esp
 321:	2d 6c 69 6e 75       	sub    $0x756e696c,%eax
 326:	78 2d                	js     355 <_init-0xcab>
 328:	78 38                	js     362 <_init-0xc9e>
 32a:	36 2d 36 34 2e 73    	ss sub $0x732e3436,%eax
 330:	6f                   	outsl  %ds:(%rsi),(%dx)
 331:	2e 32 00             	xor    %cs:(%rax),%al

Disassembly of section .note.gnu.property:

0000000000000338 <.note.gnu.property>:
 338:	04 00                	add    $0x0,%al
 33a:	00 00                	add    %al,(%rax)
 33c:	10 00                	adc    %al,(%rax)
 33e:	00 00                	add    %al,(%rax)
 340:	05 00 00 00 47       	add    $0x47000000,%eax
 345:	4e 55                	rex.WRX push %rbp
 347:	00 02                	add    %al,(%rdx)
 349:	00 00                	add    %al,(%rax)
 34b:	c0 04 00 00          	rolb   $0x0,(%rax,%rax,1)
 34f:	00 03                	add    %al,(%rbx)
 351:	00 00                	add    %al,(%rax)
 353:	00 00                	add    %al,(%rax)
 355:	00 00                	add    %al,(%rax)
	...

Disassembly of section .note.gnu.build-id:

0000000000000358 <.note.gnu.build-id>:
 358:	04 00                	add    $0x0,%al
 35a:	00 00                	add    %al,(%rax)
 35c:	14 00                	adc    $0x0,%al
 35e:	00 00                	add    %al,(%rax)
 360:	03 00                	add    (%rax),%eax
 362:	00 00                	add    %al,(%rax)
 364:	47                   	rex.RXB
 365:	4e 55                	rex.WRX push %rbp
 367:	00 36                	add    %dh,(%rsi)
 369:	47 ed                	rex.RXB in (%dx),%eax
 36b:	0b a1 8f 45 6c f9    	or     -0x693ba71(%rcx),%esp
 371:	05 38 10 40 04       	add    $0x4401038,%eax
 376:	78 16                	js     38e <_init-0xc72>
 378:	47 b6 1e             	rex.RXB mov $0x1e,%r14b
 37b:	b6                   	.byte 0xb6

Disassembly of section .note.ABI-tag:

000000000000037c <.note.ABI-tag>:
 37c:	04 00                	add    $0x0,%al
 37e:	00 00                	add    %al,(%rax)
 380:	10 00                	adc    %al,(%rax)
 382:	00 00                	add    %al,(%rax)
 384:	01 00                	add    %eax,(%rax)
 386:	00 00                	add    %al,(%rax)
 388:	47                   	rex.RXB
 389:	4e 55                	rex.WRX push %rbp
 38b:	00 00                	add    %al,(%rax)
 38d:	00 00                	add    %al,(%rax)
 38f:	00 03                	add    %al,(%rbx)
 391:	00 00                	add    %al,(%rax)
 393:	00 02                	add    %al,(%rdx)
 395:	00 00                	add    %al,(%rax)
 397:	00 00                	add    %al,(%rax)
 399:	00 00                	add    %al,(%rax)
	...

Disassembly of section .gnu.hash:

00000000000003a0 <.gnu.hash>:
 3a0:	02 00                	add    (%rax),%al
 3a2:	00 00                	add    %al,(%rax)
 3a4:	06                   	(bad)  
 3a5:	00 00                	add    %al,(%rax)
 3a7:	00 01                	add    %al,(%rcx)
 3a9:	00 00                	add    %al,(%rax)
 3ab:	00 06                	add    %al,(%rsi)
 3ad:	00 00                	add    %al,(%rax)
 3af:	00 00                	add    %al,(%rax)
 3b1:	00 81 00 00 00 00    	add    %al,0x0(%rcx)
 3b7:	00 06                	add    %al,(%rsi)
 3b9:	00 00                	add    %al,(%rax)
 3bb:	00 00                	add    %al,(%rax)
 3bd:	00 00                	add    %al,(%rax)
 3bf:	00 d1                	add    %dl,%cl
 3c1:	65 ce                	gs (bad) 
 3c3:	6d                   	insl   (%dx),%es:(%rdi)

Disassembly of section .dynsym:

00000000000003c8 <.dynsym>:
	...
 3e0:	3d 00 00 00 20       	cmp    $0x20000000,%eax
	...
 3f5:	00 00                	add    %al,(%rax)
 3f7:	00 0b                	add    %cl,(%rbx)
 3f9:	00 00                	add    %al,(%rax)
 3fb:	00 12                	add    %dl,(%rdx)
	...
 40d:	00 00                	add    %al,(%rax)
 40f:	00 1f                	add    %bl,(%rdi)
 411:	00 00                	add    %al,(%rax)
 413:	00 12                	add    %dl,(%rdx)
	...
 425:	00 00                	add    %al,(%rax)
 427:	00 59 00             	add    %bl,0x0(%rcx)
 42a:	00 00                	add    %al,(%rax)
 42c:	20 00                	and    %al,(%rax)
	...
 43e:	00 00                	add    %al,(%rax)
 440:	68 00 00 00 20       	pushq  $0x20000000
	...
 455:	00 00                	add    %al,(%rax)
 457:	00 10                	add    %dl,(%rax)
 459:	00 00                	add    %al,(%rax)
 45b:	00 22                	add    %ah,(%rdx)
	...

Disassembly of section .dynstr:

0000000000000470 <.dynstr>:
 470:	00 6c 69 62          	add    %ch,0x62(%rcx,%rbp,2)
 474:	63 2e                	movslq (%rsi),%ebp
 476:	73 6f                	jae    4e7 <_init-0xb19>
 478:	2e 36 00 70 75       	cs add %dh,%ss:0x75(%rax)
 47d:	74 73                	je     4f2 <_init-0xb0e>
 47f:	00 5f 5f             	add    %bl,0x5f(%rdi)
 482:	63 78 61             	movslq 0x61(%rax),%edi
 485:	5f                   	pop    %rdi
 486:	66 69 6e 61 6c 69    	imul   $0x696c,0x61(%rsi),%bp
 48c:	7a 65                	jp     4f3 <_init-0xb0d>
 48e:	00 5f 5f             	add    %bl,0x5f(%rdi)
 491:	6c                   	insb   (%dx),%es:(%rdi)
 492:	69 62 63 5f 73 74 61 	imul   $0x6174735f,0x63(%rdx),%esp
 499:	72 74                	jb     50f <_init-0xaf1>
 49b:	5f                   	pop    %rdi
 49c:	6d                   	insl   (%dx),%es:(%rdi)
 49d:	61                   	(bad)  
 49e:	69 6e 00 47 4c 49 42 	imul   $0x42494c47,0x0(%rsi),%ebp
 4a5:	43 5f                	rex.XB pop %r15
 4a7:	32 2e                	xor    (%rsi),%ch
 4a9:	32 2e                	xor    (%rsi),%ch
 4ab:	35 00 5f 49 54       	xor    $0x54495f00,%eax
 4b0:	4d 5f                	rex.WRB pop %r15
 4b2:	64 65 72 65          	fs gs jb 51b <_init-0xae5>
 4b6:	67 69 73 74 65 72 54 	imul   $0x4d547265,0x74(%ebx),%esi
 4bd:	4d 
 4be:	43 6c                	rex.XB insb (%dx),%es:(%rdi)
 4c0:	6f                   	outsl  %ds:(%rsi),(%dx)
 4c1:	6e                   	outsb  %ds:(%rsi),(%dx)
 4c2:	65 54                	gs push %rsp
 4c4:	61                   	(bad)  
 4c5:	62                   	(bad)  
 4c6:	6c                   	insb   (%dx),%es:(%rdi)
 4c7:	65 00 5f 5f          	add    %bl,%gs:0x5f(%rdi)
 4cb:	67 6d                	insl   (%dx),%es:(%edi)
 4cd:	6f                   	outsl  %ds:(%rsi),(%dx)
 4ce:	6e                   	outsb  %ds:(%rsi),(%dx)
 4cf:	5f                   	pop    %rdi
 4d0:	73 74                	jae    546 <_init-0xaba>
 4d2:	61                   	(bad)  
 4d3:	72 74                	jb     549 <_init-0xab7>
 4d5:	5f                   	pop    %rdi
 4d6:	5f                   	pop    %rdi
 4d7:	00 5f 49             	add    %bl,0x49(%rdi)
 4da:	54                   	push   %rsp
 4db:	4d 5f                	rex.WRB pop %r15
 4dd:	72 65                	jb     544 <_init-0xabc>
 4df:	67 69 73 74 65 72 54 	imul   $0x4d547265,0x74(%ebx),%esi
 4e6:	4d 
 4e7:	43 6c                	rex.XB insb (%dx),%es:(%rdi)
 4e9:	6f                   	outsl  %ds:(%rsi),(%dx)
 4ea:	6e                   	outsb  %ds:(%rsi),(%dx)
 4eb:	65 54                	gs push %rsp
 4ed:	61                   	(bad)  
 4ee:	62                   	.byte 0x62
 4ef:	6c                   	insb   (%dx),%es:(%rdi)
 4f0:	65                   	gs
	...

Disassembly of section .gnu.version:

00000000000004f2 <.gnu.version>:
 4f2:	00 00                	add    %al,(%rax)
 4f4:	00 00                	add    %al,(%rax)
 4f6:	02 00                	add    (%rax),%al
 4f8:	02 00                	add    (%rax),%al
 4fa:	00 00                	add    %al,(%rax)
 4fc:	00 00                	add    %al,(%rax)
 4fe:	02 00                	add    (%rax),%al

Disassembly of section .gnu.version_r:

0000000000000500 <.gnu.version_r>:
 500:	01 00                	add    %eax,(%rax)
 502:	01 00                	add    %eax,(%rax)
 504:	01 00                	add    %eax,(%rax)
 506:	00 00                	add    %al,(%rax)
 508:	10 00                	adc    %al,(%rax)
 50a:	00 00                	add    %al,(%rax)
 50c:	00 00                	add    %al,(%rax)
 50e:	00 00                	add    %al,(%rax)
 510:	75 1a                	jne    52c <_init-0xad4>
 512:	69 09 00 00 02 00    	imul   $0x20000,(%rcx),%ecx
 518:	31 00                	xor    %eax,(%rax)
 51a:	00 00                	add    %al,(%rax)
 51c:	00 00                	add    %al,(%rax)
	...

Disassembly of section .rela.dyn:

0000000000000520 <.rela.dyn>:
 520:	b8 3d 00 00 00       	mov    $0x3d,%eax
 525:	00 00                	add    %al,(%rax)
 527:	00 08                	add    %cl,(%rax)
 529:	00 00                	add    %al,(%rax)
 52b:	00 00                	add    %al,(%rax)
 52d:	00 00                	add    %al,(%rax)
 52f:	00 40 11             	add    %al,0x11(%rax)
 532:	00 00                	add    %al,(%rax)
 534:	00 00                	add    %al,(%rax)
 536:	00 00                	add    %al,(%rax)
 538:	c0 3d 00 00 00 00 00 	sarb   $0x0,0x0(%rip)        # 53f <_init-0xac1>
 53f:	00 08                	add    %cl,(%rax)
	...
 549:	11 00                	adc    %eax,(%rax)
 54b:	00 00                	add    %al,(%rax)
 54d:	00 00                	add    %al,(%rax)
 54f:	00 08                	add    %cl,(%rax)
 551:	40 00 00             	add    %al,(%rax)
 554:	00 00                	add    %al,(%rax)
 556:	00 00                	add    %al,(%rax)
 558:	08 00                	or     %al,(%rax)
 55a:	00 00                	add    %al,(%rax)
 55c:	00 00                	add    %al,(%rax)
 55e:	00 00                	add    %al,(%rax)
 560:	08 40 00             	or     %al,0x0(%rax)
 563:	00 00                	add    %al,(%rax)
 565:	00 00                	add    %al,(%rax)
 567:	00 d8                	add    %bl,%al
 569:	3f                   	(bad)  
 56a:	00 00                	add    %al,(%rax)
 56c:	00 00                	add    %al,(%rax)
 56e:	00 00                	add    %al,(%rax)
 570:	06                   	(bad)  
 571:	00 00                	add    %al,(%rax)
 573:	00 01                	add    %al,(%rcx)
	...
 57d:	00 00                	add    %al,(%rax)
 57f:	00 e0                	add    %ah,%al
 581:	3f                   	(bad)  
 582:	00 00                	add    %al,(%rax)
 584:	00 00                	add    %al,(%rax)
 586:	00 00                	add    %al,(%rax)
 588:	06                   	(bad)  
 589:	00 00                	add    %al,(%rax)
 58b:	00 03                	add    %al,(%rbx)
	...
 595:	00 00                	add    %al,(%rax)
 597:	00 e8                	add    %ch,%al
 599:	3f                   	(bad)  
 59a:	00 00                	add    %al,(%rax)
 59c:	00 00                	add    %al,(%rax)
 59e:	00 00                	add    %al,(%rax)
 5a0:	06                   	(bad)  
 5a1:	00 00                	add    %al,(%rax)
 5a3:	00 04 00             	add    %al,(%rax,%rax,1)
	...
 5ae:	00 00                	add    %al,(%rax)
 5b0:	f0 3f                	lock (bad) 
 5b2:	00 00                	add    %al,(%rax)
 5b4:	00 00                	add    %al,(%rax)
 5b6:	00 00                	add    %al,(%rax)
 5b8:	06                   	(bad)  
 5b9:	00 00                	add    %al,(%rax)
 5bb:	00 05 00 00 00 00    	add    %al,0x0(%rip)        # 5c1 <_init-0xa3f>
 5c1:	00 00                	add    %al,(%rax)
 5c3:	00 00                	add    %al,(%rax)
 5c5:	00 00                	add    %al,(%rax)
 5c7:	00 f8                	add    %bh,%al
 5c9:	3f                   	(bad)  
 5ca:	00 00                	add    %al,(%rax)
 5cc:	00 00                	add    %al,(%rax)
 5ce:	00 00                	add    %al,(%rax)
 5d0:	06                   	(bad)  
 5d1:	00 00                	add    %al,(%rax)
 5d3:	00 06                	add    %al,(%rsi)
	...

Disassembly of section .rela.plt:

00000000000005e0 <.rela.plt>:
 5e0:	d0 3f                	sarb   (%rdi)
 5e2:	00 00                	add    %al,(%rax)
 5e4:	00 00                	add    %al,(%rax)
 5e6:	00 00                	add    %al,(%rax)
 5e8:	07                   	(bad)  
 5e9:	00 00                	add    %al,(%rax)
 5eb:	00 02                	add    %al,(%rdx)
	...

Disassembly of section .init:

0000000000001000 <_init>:
    1000:	f3 0f 1e fa          	endbr64 
    1004:	48 83 ec 08          	sub    $0x8,%rsp
    1008:	48 8b 05 d9 2f 00 00 	mov    0x2fd9(%rip),%rax        # 3fe8 <__gmon_start__>
    100f:	48 85 c0             	test   %rax,%rax
    1012:	74 02                	je     1016 <_init+0x16>
    1014:	ff d0                	callq  *%rax
    1016:	48 83 c4 08          	add    $0x8,%rsp
    101a:	c3                   	retq   

Disassembly of section .plt:

0000000000001020 <.plt>:
    1020:	ff 35 9a 2f 00 00    	pushq  0x2f9a(%rip)        # 3fc0 <_GLOBAL_OFFSET_TABLE_+0x8>
    1026:	f2 ff 25 9b 2f 00 00 	bnd jmpq *0x2f9b(%rip)        # 3fc8 <_GLOBAL_OFFSET_TABLE_+0x10>
    102d:	0f 1f 00             	nopl   (%rax)
    1030:	f3 0f 1e fa          	endbr64 
    1034:	68 00 00 00 00       	pushq  $0x0
    1039:	f2 e9 e1 ff ff ff    	bnd jmpq 1020 <.plt>
    103f:	90                   	nop

Disassembly of section .plt.got:

0000000000001040 <__cxa_finalize@plt>:
    1040:	f3 0f 1e fa          	endbr64 
    1044:	f2 ff 25 ad 2f 00 00 	bnd jmpq *0x2fad(%rip)        # 3ff8 <__cxa_finalize@GLIBC_2.2.5>
    104b:	0f 1f 44 00 00       	nopl   0x0(%rax,%rax,1)

Disassembly of section .plt.sec:

0000000000001050 <puts@plt>:
    1050:	f3 0f 1e fa          	endbr64 
    1054:	f2 ff 25 75 2f 00 00 	bnd jmpq *0x2f75(%rip)        # 3fd0 <puts@GLIBC_2.2.5>
    105b:	0f 1f 44 00 00       	nopl   0x0(%rax,%rax,1)

Disassembly of section .text:

0000000000001060 <_start>:
    1060:	f3 0f 1e fa          	endbr64 
    1064:	31 ed                	xor    %ebp,%ebp
    1066:	49 89 d1             	mov    %rdx,%r9
    1069:	5e                   	pop    %rsi
    106a:	48 89 e2             	mov    %rsp,%rdx
    106d:	48 83 e4 f0          	and    $0xfffffffffffffff0,%rsp
    1071:	50                   	push   %rax
    1072:	54                   	push   %rsp
    1073:	4c 8d 05 76 01 00 00 	lea    0x176(%rip),%r8        # 11f0 <__libc_csu_fini>
    107a:	48 8d 0d ff 00 00 00 	lea    0xff(%rip),%rcx        # 1180 <__libc_csu_init>
    1081:	48 8d 3d c1 00 00 00 	lea    0xc1(%rip),%rdi        # 1149 <main>
    1088:	ff 15 52 2f 00 00    	callq  *0x2f52(%rip)        # 3fe0 <__libc_start_main@GLIBC_2.2.5>
    108e:	f4                   	hlt    
    108f:	90                   	nop

0000000000001090 <deregister_tm_clones>:
    1090:	48 8d 3d 79 2f 00 00 	lea    0x2f79(%rip),%rdi        # 4010 <__TMC_END__>
    1097:	48 8d 05 72 2f 00 00 	lea    0x2f72(%rip),%rax        # 4010 <__TMC_END__>
    109e:	48 39 f8             	cmp    %rdi,%rax
    10a1:	74 15                	je     10b8 <deregister_tm_clones+0x28>
    10a3:	48 8b 05 2e 2f 00 00 	mov    0x2f2e(%rip),%rax        # 3fd8 <_ITM_deregisterTMCloneTable>
    10aa:	48 85 c0             	test   %rax,%rax
    10ad:	74 09                	je     10b8 <deregister_tm_clones+0x28>
    10af:	ff e0                	jmpq   *%rax
    10b1:	0f 1f 80 00 00 00 00 	nopl   0x0(%rax)
    10b8:	c3                   	retq   
    10b9:	0f 1f 80 00 00 00 00 	nopl   0x0(%rax)

00000000000010c0 <register_tm_clones>:
    10c0:	48 8d 3d 49 2f 00 00 	lea    0x2f49(%rip),%rdi        # 4010 <__TMC_END__>
    10c7:	48 8d 35 42 2f 00 00 	lea    0x2f42(%rip),%rsi        # 4010 <__TMC_END__>
    10ce:	48 29 fe             	sub    %rdi,%rsi
    10d1:	48 89 f0             	mov    %rsi,%rax
    10d4:	48 c1 ee 3f          	shr    $0x3f,%rsi
    10d8:	48 c1 f8 03          	sar    $0x3,%rax
    10dc:	48 01 c6             	add    %rax,%rsi
    10df:	48 d1 fe             	sar    %rsi
    10e2:	74 14                	je     10f8 <register_tm_clones+0x38>
    10e4:	48 8b 05 05 2f 00 00 	mov    0x2f05(%rip),%rax        # 3ff0 <_ITM_registerTMCloneTable>
    10eb:	48 85 c0             	test   %rax,%rax
    10ee:	74 08                	je     10f8 <register_tm_clones+0x38>
    10f0:	ff e0                	jmpq   *%rax
    10f2:	66 0f 1f 44 00 00    	nopw   0x0(%rax,%rax,1)
    10f8:	c3                   	retq   
    10f9:	0f 1f 80 00 00 00 00 	nopl   0x0(%rax)

0000000000001100 <__do_global_dtors_aux>:
    1100:	f3 0f 1e fa          	endbr64 
    1104:	80 3d 05 2f 00 00 00 	cmpb   $0x0,0x2f05(%rip)        # 4010 <__TMC_END__>
    110b:	75 2b                	jne    1138 <__do_global_dtors_aux+0x38>
    110d:	55                   	push   %rbp
    110e:	48 83 3d e2 2e 00 00 	cmpq   $0x0,0x2ee2(%rip)        # 3ff8 <__cxa_finalize@GLIBC_2.2.5>
    1115:	00 
    1116:	48 89 e5             	mov    %rsp,%rbp
    1119:	74 0c                	je     1127 <__do_global_dtors_aux+0x27>
    111b:	48 8b 3d e6 2e 00 00 	mov    0x2ee6(%rip),%rdi        # 4008 <__dso_handle>
    1122:	e8 19 ff ff ff       	callq  1040 <__cxa_finalize@plt>
    1127:	e8 64 ff ff ff       	callq  1090 <deregister_tm_clones>
    112c:	c6 05 dd 2e 00 00 01 	movb   $0x1,0x2edd(%rip)        # 4010 <__TMC_END__>
    1133:	5d                   	pop    %rbp
    1134:	c3                   	retq   
    1135:	0f 1f 00             	nopl   (%rax)
    1138:	c3                   	retq   
    1139:	0f 1f 80 00 00 00 00 	nopl   0x0(%rax)

0000000000001140 <frame_dummy>:
    1140:	f3 0f 1e fa          	endbr64 
    1144:	e9 77 ff ff ff       	jmpq   10c0 <register_tm_clones>

0000000000001149 <main>:
    1149:	f3 0f 1e fa          	endbr64 
    114d:	55                   	push   %rbp
    114e:	48 89 e5             	mov    %rsp,%rbp
    1151:	48 83 ec 10          	sub    $0x10,%rsp
    1155:	48 8d 3d a8 0e 00 00 	lea    0xea8(%rip),%rdi        # 2004 <_IO_stdin_used+0x4>
    115c:	e8 ef fe ff ff       	callq  1050 <puts@plt>
    1161:	48 c7 45 f8 00 00 01 	movq   $0x10000,-0x8(%rbp)
    1168:	00 
    1169:	48 8b 45 f8          	mov    -0x8(%rbp),%rax
    116d:	8b 00                	mov    (%rax),%eax
    116f:	8d 50 01             	lea    0x1(%rax),%edx
    1172:	48 8b 45 f8          	mov    -0x8(%rbp),%rax
    1176:	89 10                	mov    %edx,(%rax)
    1178:	b8 00 00 00 00       	mov    $0x0,%eax
    117d:	c9                   	leaveq 
    117e:	c3                   	retq   
    117f:	90                   	nop

0000000000001180 <__libc_csu_init>:
    1180:	f3 0f 1e fa          	endbr64 
    1184:	41 57                	push   %r15
    1186:	4c 8d 3d 2b 2c 00 00 	lea    0x2c2b(%rip),%r15        # 3db8 <__frame_dummy_init_array_entry>
    118d:	41 56                	push   %r14
    118f:	49 89 d6             	mov    %rdx,%r14
    1192:	41 55                	push   %r13
    1194:	49 89 f5             	mov    %rsi,%r13
    1197:	41 54                	push   %r12
    1199:	41 89 fc             	mov    %edi,%r12d
    119c:	55                   	push   %rbp
    119d:	48 8d 2d 1c 2c 00 00 	lea    0x2c1c(%rip),%rbp        # 3dc0 <__do_global_dtors_aux_fini_array_entry>
    11a4:	53                   	push   %rbx
    11a5:	4c 29 fd             	sub    %r15,%rbp
    11a8:	48 83 ec 08          	sub    $0x8,%rsp
    11ac:	e8 4f fe ff ff       	callq  1000 <_init>
    11b1:	48 c1 fd 03          	sar    $0x3,%rbp
    11b5:	74 1f                	je     11d6 <__libc_csu_init+0x56>
    11b7:	31 db                	xor    %ebx,%ebx
    11b9:	0f 1f 80 00 00 00 00 	nopl   0x0(%rax)
    11c0:	4c 89 f2             	mov    %r14,%rdx
    11c3:	4c 89 ee             	mov    %r13,%rsi
    11c6:	44 89 e7             	mov    %r12d,%edi
    11c9:	41 ff 14 df          	callq  *(%r15,%rbx,8)
    11cd:	48 83 c3 01          	add    $0x1,%rbx
    11d1:	48 39 dd             	cmp    %rbx,%rbp
    11d4:	75 ea                	jne    11c0 <__libc_csu_init+0x40>
    11d6:	48 83 c4 08          	add    $0x8,%rsp
    11da:	5b                   	pop    %rbx
    11db:	5d                   	pop    %rbp
    11dc:	41 5c                	pop    %r12
    11de:	41 5d                	pop    %r13
    11e0:	41 5e                	pop    %r14
    11e2:	41 5f                	pop    %r15
    11e4:	c3                   	retq   
    11e5:	66 66 2e 0f 1f 84 00 	data16 nopw %cs:0x0(%rax,%rax,1)
    11ec:	00 00 00 00 

00000000000011f0 <__libc_csu_fini>:
    11f0:	f3 0f 1e fa          	endbr64 
    11f4:	c3                   	retq   

Disassembly of section .fini:

00000000000011f8 <_fini>:
    11f8:	f3 0f 1e fa          	endbr64 
    11fc:	48 83 ec 08          	sub    $0x8,%rsp
    1200:	48 83 c4 08          	add    $0x8,%rsp
    1204:	c3                   	retq   

Disassembly of section .rodata:

0000000000002000 <_IO_stdin_used>:
    2000:	01 00                	add    %eax,(%rax)
    2002:	02 00                	add    (%rax),%al
    2004:	44 61                	rex.R (bad) 
    2006:	74 61                	je     2069 <__GNU_EH_FRAME_HDR+0x51>
    2008:	20 61 62             	and    %ah,0x62(%rcx)
    200b:	6f                   	outsl  %ds:(%rsi),(%dx)
    200c:	72 74                	jb     2082 <__GNU_EH_FRAME_HDR+0x6a>
    200e:	20 65 78             	and    %ah,0x78(%rbp)
    2011:	61                   	(bad)  
    2012:	6d                   	insl   (%dx),%es:(%rdi)
    2013:	70 6c                	jo     2081 <__GNU_EH_FRAME_HDR+0x69>
    2015:	65                   	gs
	...

Disassembly of section .eh_frame_hdr:

0000000000002018 <__GNU_EH_FRAME_HDR>:
    2018:	01 1b                	add    %ebx,(%rbx)
    201a:	03 3b                	add    (%rbx),%edi
    201c:	44 00 00             	add    %r8b,(%rax)
    201f:	00 07                	add    %al,(%rdi)
    2021:	00 00                	add    %al,(%rax)
    2023:	00 08                	add    %cl,(%rax)
    2025:	f0 ff                	lock (bad) 
    2027:	ff                   	(bad)  
    2028:	78 00                	js     202a <__GNU_EH_FRAME_HDR+0x12>
    202a:	00 00                	add    %al,(%rax)
    202c:	28 f0                	sub    %dh,%al
    202e:	ff                   	(bad)  
    202f:	ff a0 00 00 00 38    	jmpq   *0x38000000(%rax)
    2035:	f0 ff                	lock (bad) 
    2037:	ff                   	(bad)  
    2038:	b8 00 00 00 48       	mov    $0x48000000,%eax
    203d:	f0 ff                	lock (bad) 
    203f:	ff 60 00             	jmpq   *0x0(%rax)
    2042:	00 00                	add    %al,(%rax)
    2044:	31 f1                	xor    %esi,%ecx
    2046:	ff                   	(bad)  
    2047:	ff d0                	callq  *%rax
    2049:	00 00                	add    %al,(%rax)
    204b:	00 68 f1             	add    %ch,-0xf(%rax)
    204e:	ff                   	(bad)  
    204f:	ff f0                	push   %rax
    2051:	00 00                	add    %al,(%rax)
    2053:	00 d8                	add    %bl,%al
    2055:	f1                   	icebp  
    2056:	ff                   	(bad)  
    2057:	ff                   	(bad)  
    2058:	38 01                	cmp    %al,(%rcx)
	...

Disassembly of section .eh_frame:

0000000000002060 <__FRAME_END__-0x104>:
    2060:	14 00                	adc    $0x0,%al
    2062:	00 00                	add    %al,(%rax)
    2064:	00 00                	add    %al,(%rax)
    2066:	00 00                	add    %al,(%rax)
    2068:	01 7a 52             	add    %edi,0x52(%rdx)
    206b:	00 01                	add    %al,(%rcx)
    206d:	78 10                	js     207f <__GNU_EH_FRAME_HDR+0x67>
    206f:	01 1b                	add    %ebx,(%rbx)
    2071:	0c 07                	or     $0x7,%al
    2073:	08 90 01 00 00 14    	or     %dl,0x14000001(%rax)
    2079:	00 00                	add    %al,(%rax)
    207b:	00 1c 00             	add    %bl,(%rax,%rax,1)
    207e:	00 00                	add    %al,(%rax)
    2080:	e0 ef                	loopne 2071 <__GNU_EH_FRAME_HDR+0x59>
    2082:	ff                   	(bad)  
    2083:	ff 2f                	ljmp   *(%rdi)
    2085:	00 00                	add    %al,(%rax)
    2087:	00 00                	add    %al,(%rax)
    2089:	44 07                	rex.R (bad) 
    208b:	10 00                	adc    %al,(%rax)
    208d:	00 00                	add    %al,(%rax)
    208f:	00 24 00             	add    %ah,(%rax,%rax,1)
    2092:	00 00                	add    %al,(%rax)
    2094:	34 00                	xor    $0x0,%al
    2096:	00 00                	add    %al,(%rax)
    2098:	88 ef                	mov    %ch,%bh
    209a:	ff                   	(bad)  
    209b:	ff 20                	jmpq   *(%rax)
    209d:	00 00                	add    %al,(%rax)
    209f:	00 00                	add    %al,(%rax)
    20a1:	0e                   	(bad)  
    20a2:	10 46 0e             	adc    %al,0xe(%rsi)
    20a5:	18 4a 0f             	sbb    %cl,0xf(%rdx)
    20a8:	0b 77 08             	or     0x8(%rdi),%esi
    20ab:	80 00 3f             	addb   $0x3f,(%rax)
    20ae:	1a 3a                	sbb    (%rdx),%bh
    20b0:	2a 33                	sub    (%rbx),%dh
    20b2:	24 22                	and    $0x22,%al
    20b4:	00 00                	add    %al,(%rax)
    20b6:	00 00                	add    %al,(%rax)
    20b8:	14 00                	adc    $0x0,%al
    20ba:	00 00                	add    %al,(%rax)
    20bc:	5c                   	pop    %rsp
    20bd:	00 00                	add    %al,(%rax)
    20bf:	00 80 ef ff ff 10    	add    %al,0x10ffffef(%rax)
	...
    20cd:	00 00                	add    %al,(%rax)
    20cf:	00 14 00             	add    %dl,(%rax,%rax,1)
    20d2:	00 00                	add    %al,(%rax)
    20d4:	74 00                	je     20d6 <__GNU_EH_FRAME_HDR+0xbe>
    20d6:	00 00                	add    %al,(%rax)
    20d8:	78 ef                	js     20c9 <__GNU_EH_FRAME_HDR+0xb1>
    20da:	ff                   	(bad)  
    20db:	ff 10                	callq  *(%rax)
	...
    20e5:	00 00                	add    %al,(%rax)
    20e7:	00 1c 00             	add    %bl,(%rax,%rax,1)
    20ea:	00 00                	add    %al,(%rax)
    20ec:	8c 00                	mov    %es,(%rax)
    20ee:	00 00                	add    %al,(%rax)
    20f0:	59                   	pop    %rcx
    20f1:	f0 ff                	lock (bad) 
    20f3:	ff 36                	pushq  (%rsi)
    20f5:	00 00                	add    %al,(%rax)
    20f7:	00 00                	add    %al,(%rax)
    20f9:	45 0e                	rex.RB (bad) 
    20fb:	10 86 02 43 0d 06    	adc    %al,0x60d4302(%rsi)
    2101:	6d                   	insl   (%dx),%es:(%rdi)
    2102:	0c 07                	or     $0x7,%al
    2104:	08 00                	or     %al,(%rax)
    2106:	00 00                	add    %al,(%rax)
    2108:	44 00 00             	add    %r8b,(%rax)
    210b:	00 ac 00 00 00 70 f0 	add    %ch,-0xf900000(%rax,%rax,1)
    2112:	ff                   	(bad)  
    2113:	ff 65 00             	jmpq   *0x0(%rbp)
    2116:	00 00                	add    %al,(%rax)
    2118:	00 46 0e             	add    %al,0xe(%rsi)
    211b:	10 8f 02 49 0e 18    	adc    %cl,0x180e4902(%rdi)
    2121:	8e 03                	mov    (%rbx),%es
    2123:	45 0e                	rex.RB (bad) 
    2125:	20 8d 04 45 0e 28    	and    %cl,0x280e4504(%rbp)
    212b:	8c 05 44 0e 30 86    	mov    %es,-0x79cff1bc(%rip)        # ffffffff86302f75 <_end+0xffffffff862fef5d>
    2131:	06                   	(bad)  
    2132:	48 0e                	rex.W (bad) 
    2134:	38 83 07 47 0e 40    	cmp    %al,0x400e4707(%rbx)
    213a:	6e                   	outsb  %ds:(%rsi),(%dx)
    213b:	0e                   	(bad)  
    213c:	38 41 0e             	cmp    %al,0xe(%rcx)
    213f:	30 41 0e             	xor    %al,0xe(%rcx)
    2142:	28 42 0e             	sub    %al,0xe(%rdx)
    2145:	20 42 0e             	and    %al,0xe(%rdx)
    2148:	18 42 0e             	sbb    %al,0xe(%rdx)
    214b:	10 42 0e             	adc    %al,0xe(%rdx)
    214e:	08 00                	or     %al,(%rax)
    2150:	10 00                	adc    %al,(%rax)
    2152:	00 00                	add    %al,(%rax)
    2154:	f4                   	hlt    
    2155:	00 00                	add    %al,(%rax)
    2157:	00 98 f0 ff ff 05    	add    %bl,0x5fffff0(%rax)
    215d:	00 00                	add    %al,(%rax)
    215f:	00 00                	add    %al,(%rax)
    2161:	00 00                	add    %al,(%rax)
	...

0000000000002164 <__FRAME_END__>:
    2164:	00 00                	add    %al,(%rax)
	...

Disassembly of section .init_array:

0000000000003db8 <__frame_dummy_init_array_entry>:
    3db8:	40 11 00             	rex adc %eax,(%rax)
    3dbb:	00 00                	add    %al,(%rax)
    3dbd:	00 00                	add    %al,(%rax)
	...

Disassembly of section .fini_array:

0000000000003dc0 <__do_global_dtors_aux_fini_array_entry>:
    3dc0:	00 11                	add    %dl,(%rcx)
    3dc2:	00 00                	add    %al,(%rax)
    3dc4:	00 00                	add    %al,(%rax)
	...

Disassembly of section .dynamic:

0000000000003dc8 <_DYNAMIC>:
    3dc8:	01 00                	add    %eax,(%rax)
    3dca:	00 00                	add    %al,(%rax)
    3dcc:	00 00                	add    %al,(%rax)
    3dce:	00 00                	add    %al,(%rax)
    3dd0:	01 00                	add    %eax,(%rax)
    3dd2:	00 00                	add    %al,(%rax)
    3dd4:	00 00                	add    %al,(%rax)
    3dd6:	00 00                	add    %al,(%rax)
    3dd8:	0c 00                	or     $0x0,%al
    3dda:	00 00                	add    %al,(%rax)
    3ddc:	00 00                	add    %al,(%rax)
    3dde:	00 00                	add    %al,(%rax)
    3de0:	00 10                	add    %dl,(%rax)
    3de2:	00 00                	add    %al,(%rax)
    3de4:	00 00                	add    %al,(%rax)
    3de6:	00 00                	add    %al,(%rax)
    3de8:	0d 00 00 00 00       	or     $0x0,%eax
    3ded:	00 00                	add    %al,(%rax)
    3def:	00 f8                	add    %bh,%al
    3df1:	11 00                	adc    %eax,(%rax)
    3df3:	00 00                	add    %al,(%rax)
    3df5:	00 00                	add    %al,(%rax)
    3df7:	00 19                	add    %bl,(%rcx)
    3df9:	00 00                	add    %al,(%rax)
    3dfb:	00 00                	add    %al,(%rax)
    3dfd:	00 00                	add    %al,(%rax)
    3dff:	00 b8 3d 00 00 00    	add    %bh,0x3d(%rax)
    3e05:	00 00                	add    %al,(%rax)
    3e07:	00 1b                	add    %bl,(%rbx)
    3e09:	00 00                	add    %al,(%rax)
    3e0b:	00 00                	add    %al,(%rax)
    3e0d:	00 00                	add    %al,(%rax)
    3e0f:	00 08                	add    %cl,(%rax)
    3e11:	00 00                	add    %al,(%rax)
    3e13:	00 00                	add    %al,(%rax)
    3e15:	00 00                	add    %al,(%rax)
    3e17:	00 1a                	add    %bl,(%rdx)
    3e19:	00 00                	add    %al,(%rax)
    3e1b:	00 00                	add    %al,(%rax)
    3e1d:	00 00                	add    %al,(%rax)
    3e1f:	00 c0                	add    %al,%al
    3e21:	3d 00 00 00 00       	cmp    $0x0,%eax
    3e26:	00 00                	add    %al,(%rax)
    3e28:	1c 00                	sbb    $0x0,%al
    3e2a:	00 00                	add    %al,(%rax)
    3e2c:	00 00                	add    %al,(%rax)
    3e2e:	00 00                	add    %al,(%rax)
    3e30:	08 00                	or     %al,(%rax)
    3e32:	00 00                	add    %al,(%rax)
    3e34:	00 00                	add    %al,(%rax)
    3e36:	00 00                	add    %al,(%rax)
    3e38:	f5                   	cmc    
    3e39:	fe                   	(bad)  
    3e3a:	ff 6f 00             	ljmp   *0x0(%rdi)
    3e3d:	00 00                	add    %al,(%rax)
    3e3f:	00 a0 03 00 00 00    	add    %ah,0x3(%rax)
    3e45:	00 00                	add    %al,(%rax)
    3e47:	00 05 00 00 00 00    	add    %al,0x0(%rip)        # 3e4d <_DYNAMIC+0x85>
    3e4d:	00 00                	add    %al,(%rax)
    3e4f:	00 70 04             	add    %dh,0x4(%rax)
    3e52:	00 00                	add    %al,(%rax)
    3e54:	00 00                	add    %al,(%rax)
    3e56:	00 00                	add    %al,(%rax)
    3e58:	06                   	(bad)  
    3e59:	00 00                	add    %al,(%rax)
    3e5b:	00 00                	add    %al,(%rax)
    3e5d:	00 00                	add    %al,(%rax)
    3e5f:	00 c8                	add    %cl,%al
    3e61:	03 00                	add    (%rax),%eax
    3e63:	00 00                	add    %al,(%rax)
    3e65:	00 00                	add    %al,(%rax)
    3e67:	00 0a                	add    %cl,(%rdx)
    3e69:	00 00                	add    %al,(%rax)
    3e6b:	00 00                	add    %al,(%rax)
    3e6d:	00 00                	add    %al,(%rax)
    3e6f:	00 82 00 00 00 00    	add    %al,0x0(%rdx)
    3e75:	00 00                	add    %al,(%rax)
    3e77:	00 0b                	add    %cl,(%rbx)
    3e79:	00 00                	add    %al,(%rax)
    3e7b:	00 00                	add    %al,(%rax)
    3e7d:	00 00                	add    %al,(%rax)
    3e7f:	00 18                	add    %bl,(%rax)
    3e81:	00 00                	add    %al,(%rax)
    3e83:	00 00                	add    %al,(%rax)
    3e85:	00 00                	add    %al,(%rax)
    3e87:	00 15 00 00 00 00    	add    %dl,0x0(%rip)        # 3e8d <_DYNAMIC+0xc5>
	...
    3e95:	00 00                	add    %al,(%rax)
    3e97:	00 03                	add    %al,(%rbx)
    3e99:	00 00                	add    %al,(%rax)
    3e9b:	00 00                	add    %al,(%rax)
    3e9d:	00 00                	add    %al,(%rax)
    3e9f:	00 b8 3f 00 00 00    	add    %bh,0x3f(%rax)
    3ea5:	00 00                	add    %al,(%rax)
    3ea7:	00 02                	add    %al,(%rdx)
    3ea9:	00 00                	add    %al,(%rax)
    3eab:	00 00                	add    %al,(%rax)
    3ead:	00 00                	add    %al,(%rax)
    3eaf:	00 18                	add    %bl,(%rax)
    3eb1:	00 00                	add    %al,(%rax)
    3eb3:	00 00                	add    %al,(%rax)
    3eb5:	00 00                	add    %al,(%rax)
    3eb7:	00 14 00             	add    %dl,(%rax,%rax,1)
    3eba:	00 00                	add    %al,(%rax)
    3ebc:	00 00                	add    %al,(%rax)
    3ebe:	00 00                	add    %al,(%rax)
    3ec0:	07                   	(bad)  
    3ec1:	00 00                	add    %al,(%rax)
    3ec3:	00 00                	add    %al,(%rax)
    3ec5:	00 00                	add    %al,(%rax)
    3ec7:	00 17                	add    %dl,(%rdi)
    3ec9:	00 00                	add    %al,(%rax)
    3ecb:	00 00                	add    %al,(%rax)
    3ecd:	00 00                	add    %al,(%rax)
    3ecf:	00 e0                	add    %ah,%al
    3ed1:	05 00 00 00 00       	add    $0x0,%eax
    3ed6:	00 00                	add    %al,(%rax)
    3ed8:	07                   	(bad)  
    3ed9:	00 00                	add    %al,(%rax)
    3edb:	00 00                	add    %al,(%rax)
    3edd:	00 00                	add    %al,(%rax)
    3edf:	00 20                	add    %ah,(%rax)
    3ee1:	05 00 00 00 00       	add    $0x0,%eax
    3ee6:	00 00                	add    %al,(%rax)
    3ee8:	08 00                	or     %al,(%rax)
    3eea:	00 00                	add    %al,(%rax)
    3eec:	00 00                	add    %al,(%rax)
    3eee:	00 00                	add    %al,(%rax)
    3ef0:	c0 00 00             	rolb   $0x0,(%rax)
    3ef3:	00 00                	add    %al,(%rax)
    3ef5:	00 00                	add    %al,(%rax)
    3ef7:	00 09                	add    %cl,(%rcx)
    3ef9:	00 00                	add    %al,(%rax)
    3efb:	00 00                	add    %al,(%rax)
    3efd:	00 00                	add    %al,(%rax)
    3eff:	00 18                	add    %bl,(%rax)
    3f01:	00 00                	add    %al,(%rax)
    3f03:	00 00                	add    %al,(%rax)
    3f05:	00 00                	add    %al,(%rax)
    3f07:	00 1e                	add    %bl,(%rsi)
    3f09:	00 00                	add    %al,(%rax)
    3f0b:	00 00                	add    %al,(%rax)
    3f0d:	00 00                	add    %al,(%rax)
    3f0f:	00 08                	add    %cl,(%rax)
    3f11:	00 00                	add    %al,(%rax)
    3f13:	00 00                	add    %al,(%rax)
    3f15:	00 00                	add    %al,(%rax)
    3f17:	00 fb                	add    %bh,%bl
    3f19:	ff                   	(bad)  
    3f1a:	ff 6f 00             	ljmp   *0x0(%rdi)
    3f1d:	00 00                	add    %al,(%rax)
    3f1f:	00 01                	add    %al,(%rcx)
    3f21:	00 00                	add    %al,(%rax)
    3f23:	08 00                	or     %al,(%rax)
    3f25:	00 00                	add    %al,(%rax)
    3f27:	00 fe                	add    %bh,%dh
    3f29:	ff                   	(bad)  
    3f2a:	ff 6f 00             	ljmp   *0x0(%rdi)
    3f2d:	00 00                	add    %al,(%rax)
    3f2f:	00 00                	add    %al,(%rax)
    3f31:	05 00 00 00 00       	add    $0x0,%eax
    3f36:	00 00                	add    %al,(%rax)
    3f38:	ff                   	(bad)  
    3f39:	ff                   	(bad)  
    3f3a:	ff 6f 00             	ljmp   *0x0(%rdi)
    3f3d:	00 00                	add    %al,(%rax)
    3f3f:	00 01                	add    %al,(%rcx)
    3f41:	00 00                	add    %al,(%rax)
    3f43:	00 00                	add    %al,(%rax)
    3f45:	00 00                	add    %al,(%rax)
    3f47:	00 f0                	add    %dh,%al
    3f49:	ff                   	(bad)  
    3f4a:	ff 6f 00             	ljmp   *0x0(%rdi)
    3f4d:	00 00                	add    %al,(%rax)
    3f4f:	00 f2                	add    %dh,%dl
    3f51:	04 00                	add    $0x0,%al
    3f53:	00 00                	add    %al,(%rax)
    3f55:	00 00                	add    %al,(%rax)
    3f57:	00 f9                	add    %bh,%cl
    3f59:	ff                   	(bad)  
    3f5a:	ff 6f 00             	ljmp   *0x0(%rdi)
    3f5d:	00 00                	add    %al,(%rax)
    3f5f:	00 03                	add    %al,(%rbx)
	...

Disassembly of section .got:

0000000000003fb8 <_GLOBAL_OFFSET_TABLE_>:
    3fb8:	c8 3d 00 00          	enterq $0x3d,$0x0
	...
    3fd0:	30 10                	xor    %dl,(%rax)
	...

Disassembly of section .data:

0000000000004000 <__data_start>:
	...

0000000000004008 <__dso_handle>:
    4008:	08 40 00             	or     %al,0x0(%rax)
    400b:	00 00                	add    %al,(%rax)
    400d:	00 00                	add    %al,(%rax)
	...

Disassembly of section .bss:

0000000000004010 <completed.8060>:
	...

Disassembly of section .comment:

0000000000000000 <.comment>:
   0:	47                   	rex.RXB
   1:	43                   	rex.XB
   2:	43 3a 20             	rex.XB cmp (%r8),%spl
   5:	28 55 62             	sub    %dl,0x62(%rbp)
   8:	75 6e                	jne    78 <_init-0xf88>
   a:	74 75                	je     81 <_init-0xf7f>
   c:	20 39                	and    %bh,(%rcx)
   e:	2e 33 2e             	xor    %cs:(%rsi),%ebp
  11:	30 2d 31 37 75 62    	xor    %ch,0x62753731(%rip)        # 62753748 <_end+0x6274f730>
  17:	75 6e                	jne    87 <_init-0xf79>
  19:	74 75                	je     90 <_init-0xf70>
  1b:	31 7e 32             	xor    %edi,0x32(%rsi)
  1e:	30 2e                	xor    %ch,(%rsi)
  20:	30 34 29             	xor    %dh,(%rcx,%rbp,1)
  23:	20 39                	and    %bh,(%rcx)
  25:	2e 33 2e             	xor    %cs:(%rsi),%ebp
  28:	30 00                	xor    %al,(%rax)
