
first:     file format elf64-x86-64
first
architecture: i386:x86-64, flags 0x00000150:
HAS_SYMS, DYNAMIC, D_PAGED
start address 0x0000000000001080

Program Header:
    PHDR off    0x0000000000000040 vaddr 0x0000000000000040 paddr 0x0000000000000040 align 2**3
         filesz 0x00000000000002d8 memsz 0x00000000000002d8 flags r--
  INTERP off    0x0000000000000318 vaddr 0x0000000000000318 paddr 0x0000000000000318 align 2**0
         filesz 0x000000000000001c memsz 0x000000000000001c flags r--
    LOAD off    0x0000000000000000 vaddr 0x0000000000000000 paddr 0x0000000000000000 align 2**12
         filesz 0x00000000000005c8 memsz 0x00000000000005c8 flags r--
    LOAD off    0x0000000000001000 vaddr 0x0000000000001000 paddr 0x0000000000001000 align 2**12
         filesz 0x00000000000001f5 memsz 0x00000000000001f5 flags r-x
    LOAD off    0x0000000000002000 vaddr 0x0000000000002000 paddr 0x0000000000002000 align 2**12
         filesz 0x0000000000000128 memsz 0x0000000000000128 flags r--
    LOAD off    0x0000000000002df0 vaddr 0x0000000000003df0 paddr 0x0000000000003df0 align 2**12
         filesz 0x0000000000000220 memsz 0x0000000000000228 flags rw-
 DYNAMIC off    0x0000000000002e00 vaddr 0x0000000000003e00 paddr 0x0000000000003e00 align 2**3
         filesz 0x00000000000001c0 memsz 0x00000000000001c0 flags rw-
    NOTE off    0x0000000000000338 vaddr 0x0000000000000338 paddr 0x0000000000000338 align 2**3
         filesz 0x0000000000000020 memsz 0x0000000000000020 flags r--
    NOTE off    0x0000000000000358 vaddr 0x0000000000000358 paddr 0x0000000000000358 align 2**2
         filesz 0x0000000000000044 memsz 0x0000000000000044 flags r--
0x6474e553 off    0x0000000000000338 vaddr 0x0000000000000338 paddr 0x0000000000000338 align 2**3
         filesz 0x0000000000000020 memsz 0x0000000000000020 flags r--
EH_FRAME off    0x0000000000002004 vaddr 0x0000000000002004 paddr 0x0000000000002004 align 2**2
         filesz 0x000000000000003c memsz 0x000000000000003c flags r--
   STACK off    0x0000000000000000 vaddr 0x0000000000000000 paddr 0x0000000000000000 align 2**4
         filesz 0x0000000000000000 memsz 0x0000000000000000 flags rw-
   RELRO off    0x0000000000002df0 vaddr 0x0000000000003df0 paddr 0x0000000000003df0 align 2**0
         filesz 0x0000000000000210 memsz 0x0000000000000210 flags r--

Dynamic Section:
  NEEDED               libc.so.6
  INIT                 0x0000000000001000
  FINI                 0x00000000000011e8
  INIT_ARRAY           0x0000000000003df0
  INIT_ARRAYSZ         0x0000000000000008
  FINI_ARRAY           0x0000000000003df8
  FINI_ARRAYSZ         0x0000000000000008
  GNU_HASH             0x00000000000003a0
  STRTAB               0x0000000000000458
  SYMTAB               0x00000000000003c8
  STRSZ                0x000000000000007d
  SYMENT               0x0000000000000018
  DEBUG                0x0000000000000000
  PLTGOT               0x0000000000003fc0
  RELA                 0x0000000000000508
  RELASZ               0x00000000000000c0
  RELAENT              0x0000000000000018
  FLAGS                0x0000000000000008
  FLAGS_1              0x0000000008000001
  VERNEED              0x00000000000004e8
  VERNEEDNUM           0x0000000000000001
  VERSYM               0x00000000000004d6
  RELACOUNT            0x0000000000000003

Version References:
  required from libc.so.6:
    0x09691a75 0x00 02 GLIBC_2.2.5

Sections:
Idx Name          Size      VMA               LMA               File off  Algn
  0 .interp       0000001c  0000000000000318  0000000000000318  00000318  2**0
                  CONTENTS, ALLOC, LOAD, READONLY, DATA
  1 .note.gnu.property 00000020  0000000000000338  0000000000000338  00000338  2**3
                  CONTENTS, ALLOC, LOAD, READONLY, DATA
  2 .note.gnu.build-id 00000024  0000000000000358  0000000000000358  00000358  2**2
                  CONTENTS, ALLOC, LOAD, READONLY, DATA
  3 .note.ABI-tag 00000020  000000000000037c  000000000000037c  0000037c  2**2
                  CONTENTS, ALLOC, LOAD, READONLY, DATA
  4 .gnu.hash     00000024  00000000000003a0  00000000000003a0  000003a0  2**3
                  CONTENTS, ALLOC, LOAD, READONLY, DATA
  5 .dynsym       00000090  00000000000003c8  00000000000003c8  000003c8  2**3
                  CONTENTS, ALLOC, LOAD, READONLY, DATA
  6 .dynstr       0000007d  0000000000000458  0000000000000458  00000458  2**0
                  CONTENTS, ALLOC, LOAD, READONLY, DATA
  7 .gnu.version  0000000c  00000000000004d6  00000000000004d6  000004d6  2**1
                  CONTENTS, ALLOC, LOAD, READONLY, DATA
  8 .gnu.version_r 00000020  00000000000004e8  00000000000004e8  000004e8  2**3
                  CONTENTS, ALLOC, LOAD, READONLY, DATA
  9 .rela.dyn     000000c0  0000000000000508  0000000000000508  00000508  2**3
                  CONTENTS, ALLOC, LOAD, READONLY, DATA
 10 .init         0000001b  0000000000001000  0000000000001000  00001000  2**2
                  CONTENTS, ALLOC, LOAD, READONLY, CODE
 11 .plt          00000010  0000000000001020  0000000000001020  00001020  2**4
                  CONTENTS, ALLOC, LOAD, READONLY, CODE
 12 .plt.got      00000010  0000000000001030  0000000000001030  00001030  2**4
                  CONTENTS, ALLOC, LOAD, READONLY, CODE
 13 .text         000001a5  0000000000001040  0000000000001040  00001040  2**4
                  CONTENTS, ALLOC, LOAD, READONLY, CODE
 14 .fini         0000000d  00000000000011e8  00000000000011e8  000011e8  2**2
                  CONTENTS, ALLOC, LOAD, READONLY, CODE
 15 .rodata       00000004  0000000000002000  0000000000002000  00002000  2**2
                  CONTENTS, ALLOC, LOAD, READONLY, DATA
 16 .eh_frame_hdr 0000003c  0000000000002004  0000000000002004  00002004  2**2
                  CONTENTS, ALLOC, LOAD, READONLY, DATA
 17 .eh_frame     000000e8  0000000000002040  0000000000002040  00002040  2**3
                  CONTENTS, ALLOC, LOAD, READONLY, DATA
 18 .init_array   00000008  0000000000003df0  0000000000003df0  00002df0  2**3
                  CONTENTS, ALLOC, LOAD, DATA
 19 .fini_array   00000008  0000000000003df8  0000000000003df8  00002df8  2**3
                  CONTENTS, ALLOC, LOAD, DATA
 20 .dynamic      000001c0  0000000000003e00  0000000000003e00  00002e00  2**3
                  CONTENTS, ALLOC, LOAD, DATA
 21 .got          00000040  0000000000003fc0  0000000000003fc0  00002fc0  2**3
                  CONTENTS, ALLOC, LOAD, DATA
 22 .data         00000010  0000000000004000  0000000000004000  00003000  2**3
                  CONTENTS, ALLOC, LOAD, DATA
 23 .bss          00000008  0000000000004010  0000000000004010  00003010  2**2
                  ALLOC
 24 .comment      0000002a  0000000000000000  0000000000000000  00003010  2**0
                  CONTENTS, READONLY
SYMBOL TABLE:
0000000000000318 l    d  .interp	0000000000000000              .interp
0000000000000338 l    d  .note.gnu.property	0000000000000000              .note.gnu.property
0000000000000358 l    d  .note.gnu.build-id	0000000000000000              .note.gnu.build-id
000000000000037c l    d  .note.ABI-tag	0000000000000000              .note.ABI-tag
00000000000003a0 l    d  .gnu.hash	0000000000000000              .gnu.hash
00000000000003c8 l    d  .dynsym	0000000000000000              .dynsym
0000000000000458 l    d  .dynstr	0000000000000000              .dynstr
00000000000004d6 l    d  .gnu.version	0000000000000000              .gnu.version
00000000000004e8 l    d  .gnu.version_r	0000000000000000              .gnu.version_r
0000000000000508 l    d  .rela.dyn	0000000000000000              .rela.dyn
0000000000001000 l    d  .init	0000000000000000              .init
0000000000001020 l    d  .plt	0000000000000000              .plt
0000000000001030 l    d  .plt.got	0000000000000000              .plt.got
0000000000001040 l    d  .text	0000000000000000              .text
00000000000011e8 l    d  .fini	0000000000000000              .fini
0000000000002000 l    d  .rodata	0000000000000000              .rodata
0000000000002004 l    d  .eh_frame_hdr	0000000000000000              .eh_frame_hdr
0000000000002040 l    d  .eh_frame	0000000000000000              .eh_frame
0000000000003df0 l    d  .init_array	0000000000000000              .init_array
0000000000003df8 l    d  .fini_array	0000000000000000              .fini_array
0000000000003e00 l    d  .dynamic	0000000000000000              .dynamic
0000000000003fc0 l    d  .got	0000000000000000              .got
0000000000004000 l    d  .data	0000000000000000              .data
0000000000004010 l    d  .bss	0000000000000000              .bss
0000000000000000 l    d  .comment	0000000000000000              .comment
0000000000000000 l    df *ABS*	0000000000000000              first.c
0000000000000000 l    df *ABS*	0000000000000000              crtstuff.c
00000000000010b0 l     F .text	0000000000000000              deregister_tm_clones
00000000000010e0 l     F .text	0000000000000000              register_tm_clones
0000000000001120 l     F .text	0000000000000000              __do_global_dtors_aux
0000000000004010 l     O .bss	0000000000000001              completed.8060
0000000000003df8 l     O .fini_array	0000000000000000              __do_global_dtors_aux_fini_array_entry
0000000000001160 l     F .text	0000000000000000              frame_dummy
0000000000003df0 l     O .init_array	0000000000000000              __frame_dummy_init_array_entry
0000000000000000 l    df *ABS*	0000000000000000              crtstuff.c
0000000000002124 l     O .eh_frame	0000000000000000              __FRAME_END__
0000000000000000 l    df *ABS*	0000000000000000              
0000000000003df8 l       .init_array	0000000000000000              __init_array_end
0000000000003e00 l     O .dynamic	0000000000000000              _DYNAMIC
0000000000003df0 l       .init_array	0000000000000000              __init_array_start
0000000000002004 l       .eh_frame_hdr	0000000000000000              __GNU_EH_FRAME_HDR
0000000000003fc0 l     O .got	0000000000000000              _GLOBAL_OFFSET_TABLE_
0000000000001000 l     F .init	0000000000000000              _init
00000000000011e0 g     F .text	0000000000000005              __libc_csu_fini
0000000000000000  w      *UND*	0000000000000000              _ITM_deregisterTMCloneTable
0000000000004000  w      .data	0000000000000000              data_start
0000000000004010 g       .data	0000000000000000              _edata
00000000000011e8 g     F .fini	0000000000000000              .hidden _fini
0000000000000000       F *UND*	0000000000000000              __libc_start_main@@GLIBC_2.2.5
0000000000004000 g       .data	0000000000000000              __data_start
0000000000000000  w      *UND*	0000000000000000              __gmon_start__
0000000000004008 g     O .data	0000000000000000              .hidden __dso_handle
0000000000002000 g     O .rodata	0000000000000004              _IO_stdin_used
0000000000001170 g     F .text	0000000000000065              __libc_csu_init
0000000000004018 g       .bss	0000000000000000              _end
0000000000001080 g     F .text	000000000000002f              _start
0000000000004010 g       .bss	0000000000000000              __bss_start
0000000000001040 g     F .text	000000000000003a              main
0000000000004014 g     O .bss	0000000000000004              temp
0000000000004010 g     O .data	0000000000000000              .hidden __TMC_END__
0000000000000000  w      *UND*	0000000000000000              _ITM_registerTMCloneTable
0000000000000000  w    F *UND*	0000000000000000              __cxa_finalize@@GLIBC_2.2.5



Disassembly of section .interp:

0000000000000318 <.interp>:
 318:	2f                   	(bad)  
 319:	6c                   	insb   (%dx),%es:(%rdi)
 31a:	69 62 36 34 2f 6c 64 	imul   $0x646c2f34,0x36(%rdx),%esp
 321:	2d 6c 69 6e 75       	sub    $0x756e696c,%eax
 326:	78 2d                	js     355 <_init-0xcab>
 328:	78 38                	js     362 <_init-0xc9e>
 32a:	36 2d 36 34 2e 73    	ss sub $0x732e3436,%eax
 330:	6f                   	outsl  %ds:(%rsi),(%dx)
 331:	2e 32 00             	xor    %cs:(%rax),%al

Disassembly of section .note.gnu.property:

0000000000000338 <.note.gnu.property>:
 338:	04 00                	add    $0x0,%al
 33a:	00 00                	add    %al,(%rax)
 33c:	10 00                	adc    %al,(%rax)
 33e:	00 00                	add    %al,(%rax)
 340:	05 00 00 00 47       	add    $0x47000000,%eax
 345:	4e 55                	rex.WRX push %rbp
 347:	00 02                	add    %al,(%rdx)
 349:	00 00                	add    %al,(%rax)
 34b:	c0 04 00 00          	rolb   $0x0,(%rax,%rax,1)
 34f:	00 03                	add    %al,(%rbx)
 351:	00 00                	add    %al,(%rax)
 353:	00 00                	add    %al,(%rax)
 355:	00 00                	add    %al,(%rax)
	...

Disassembly of section .note.gnu.build-id:

0000000000000358 <.note.gnu.build-id>:
 358:	04 00                	add    $0x0,%al
 35a:	00 00                	add    %al,(%rax)
 35c:	14 00                	adc    $0x0,%al
 35e:	00 00                	add    %al,(%rax)
 360:	03 00                	add    (%rax),%eax
 362:	00 00                	add    %al,(%rax)
 364:	47                   	rex.RXB
 365:	4e 55                	rex.WRX push %rbp
 367:	00 6d a7             	add    %ch,-0x59(%rbp)
 36a:	c2 71 ce             	retq   $0xce71
 36d:	38 b2 05 ba fe 6c    	cmp    %dh,0x6cfeba05(%rdx)
 373:	af                   	scas   %es:(%rdi),%eax
 374:	36 97                	ss xchg %eax,%edi
 376:	85 43 56             	test   %eax,0x56(%rbx)
 379:	f9                   	stc    
 37a:	95                   	xchg   %eax,%ebp
 37b:	1f                   	(bad)  

Disassembly of section .note.ABI-tag:

000000000000037c <.note.ABI-tag>:
 37c:	04 00                	add    $0x0,%al
 37e:	00 00                	add    %al,(%rax)
 380:	10 00                	adc    %al,(%rax)
 382:	00 00                	add    %al,(%rax)
 384:	01 00                	add    %eax,(%rax)
 386:	00 00                	add    %al,(%rax)
 388:	47                   	rex.RXB
 389:	4e 55                	rex.WRX push %rbp
 38b:	00 00                	add    %al,(%rax)
 38d:	00 00                	add    %al,(%rax)
 38f:	00 03                	add    %al,(%rbx)
 391:	00 00                	add    %al,(%rax)
 393:	00 02                	add    %al,(%rdx)
 395:	00 00                	add    %al,(%rax)
 397:	00 00                	add    %al,(%rax)
 399:	00 00                	add    %al,(%rax)
	...

Disassembly of section .gnu.hash:

00000000000003a0 <.gnu.hash>:
 3a0:	02 00                	add    (%rax),%al
 3a2:	00 00                	add    %al,(%rax)
 3a4:	05 00 00 00 01       	add    $0x1000000,%eax
 3a9:	00 00                	add    %al,(%rax)
 3ab:	00 06                	add    %al,(%rsi)
 3ad:	00 00                	add    %al,(%rax)
 3af:	00 00                	add    %al,(%rax)
 3b1:	00 81 00 00 00 00    	add    %al,0x0(%rcx)
 3b7:	00 05 00 00 00 00    	add    %al,0x0(%rip)        # 3bd <_init-0xc43>
 3bd:	00 00                	add    %al,(%rax)
 3bf:	00 d1                	add    %dl,%cl
 3c1:	65 ce                	gs (bad) 
 3c3:	6d                   	insl   (%dx),%es:(%rdi)

Disassembly of section .dynsym:

00000000000003c8 <.dynsym>:
	...
 3e0:	38 00                	cmp    %al,(%rax)
 3e2:	00 00                	add    %al,(%rax)
 3e4:	20 00                	and    %al,(%rax)
	...
 3f6:	00 00                	add    %al,(%rax)
 3f8:	1a 00                	sbb    (%rax),%al
 3fa:	00 00                	add    %al,(%rax)
 3fc:	12 00                	adc    (%rax),%al
	...
 40e:	00 00                	add    %al,(%rax)
 410:	54                   	push   %rsp
 411:	00 00                	add    %al,(%rax)
 413:	00 20                	add    %ah,(%rax)
	...
 425:	00 00                	add    %al,(%rax)
 427:	00 63 00             	add    %ah,0x0(%rbx)
 42a:	00 00                	add    %al,(%rax)
 42c:	20 00                	and    %al,(%rax)
	...
 43e:	00 00                	add    %al,(%rax)
 440:	0b 00                	or     (%rax),%eax
 442:	00 00                	add    %al,(%rax)
 444:	22 00                	and    (%rax),%al
	...

Disassembly of section .dynstr:

0000000000000458 <.dynstr>:
 458:	00 6c 69 62          	add    %ch,0x62(%rcx,%rbp,2)
 45c:	63 2e                	movslq (%rsi),%ebp
 45e:	73 6f                	jae    4cf <_init-0xb31>
 460:	2e 36 00 5f 5f       	cs add %bl,%ss:0x5f(%rdi)
 465:	63 78 61             	movslq 0x61(%rax),%edi
 468:	5f                   	pop    %rdi
 469:	66 69 6e 61 6c 69    	imul   $0x696c,0x61(%rsi),%bp
 46f:	7a 65                	jp     4d6 <_init-0xb2a>
 471:	00 5f 5f             	add    %bl,0x5f(%rdi)
 474:	6c                   	insb   (%dx),%es:(%rdi)
 475:	69 62 63 5f 73 74 61 	imul   $0x6174735f,0x63(%rdx),%esp
 47c:	72 74                	jb     4f2 <_init-0xb0e>
 47e:	5f                   	pop    %rdi
 47f:	6d                   	insl   (%dx),%es:(%rdi)
 480:	61                   	(bad)  
 481:	69 6e 00 47 4c 49 42 	imul   $0x42494c47,0x0(%rsi),%ebp
 488:	43 5f                	rex.XB pop %r15
 48a:	32 2e                	xor    (%rsi),%ch
 48c:	32 2e                	xor    (%rsi),%ch
 48e:	35 00 5f 49 54       	xor    $0x54495f00,%eax
 493:	4d 5f                	rex.WRB pop %r15
 495:	64 65 72 65          	fs gs jb 4fe <_init-0xb02>
 499:	67 69 73 74 65 72 54 	imul   $0x4d547265,0x74(%ebx),%esi
 4a0:	4d 
 4a1:	43 6c                	rex.XB insb (%dx),%es:(%rdi)
 4a3:	6f                   	outsl  %ds:(%rsi),(%dx)
 4a4:	6e                   	outsb  %ds:(%rsi),(%dx)
 4a5:	65 54                	gs push %rsp
 4a7:	61                   	(bad)  
 4a8:	62                   	(bad)  
 4a9:	6c                   	insb   (%dx),%es:(%rdi)
 4aa:	65 00 5f 5f          	add    %bl,%gs:0x5f(%rdi)
 4ae:	67 6d                	insl   (%dx),%es:(%edi)
 4b0:	6f                   	outsl  %ds:(%rsi),(%dx)
 4b1:	6e                   	outsb  %ds:(%rsi),(%dx)
 4b2:	5f                   	pop    %rdi
 4b3:	73 74                	jae    529 <_init-0xad7>
 4b5:	61                   	(bad)  
 4b6:	72 74                	jb     52c <_init-0xad4>
 4b8:	5f                   	pop    %rdi
 4b9:	5f                   	pop    %rdi
 4ba:	00 5f 49             	add    %bl,0x49(%rdi)
 4bd:	54                   	push   %rsp
 4be:	4d 5f                	rex.WRB pop %r15
 4c0:	72 65                	jb     527 <_init-0xad9>
 4c2:	67 69 73 74 65 72 54 	imul   $0x4d547265,0x74(%ebx),%esi
 4c9:	4d 
 4ca:	43 6c                	rex.XB insb (%dx),%es:(%rdi)
 4cc:	6f                   	outsl  %ds:(%rsi),(%dx)
 4cd:	6e                   	outsb  %ds:(%rsi),(%dx)
 4ce:	65 54                	gs push %rsp
 4d0:	61                   	(bad)  
 4d1:	62                   	.byte 0x62
 4d2:	6c                   	insb   (%dx),%es:(%rdi)
 4d3:	65                   	gs
	...

Disassembly of section .gnu.version:

00000000000004d6 <.gnu.version>:
 4d6:	00 00                	add    %al,(%rax)
 4d8:	00 00                	add    %al,(%rax)
 4da:	02 00                	add    (%rax),%al
 4dc:	00 00                	add    %al,(%rax)
 4de:	00 00                	add    %al,(%rax)
 4e0:	02 00                	add    (%rax),%al

Disassembly of section .gnu.version_r:

00000000000004e8 <.gnu.version_r>:
 4e8:	01 00                	add    %eax,(%rax)
 4ea:	01 00                	add    %eax,(%rax)
 4ec:	01 00                	add    %eax,(%rax)
 4ee:	00 00                	add    %al,(%rax)
 4f0:	10 00                	adc    %al,(%rax)
 4f2:	00 00                	add    %al,(%rax)
 4f4:	00 00                	add    %al,(%rax)
 4f6:	00 00                	add    %al,(%rax)
 4f8:	75 1a                	jne    514 <_init-0xaec>
 4fa:	69 09 00 00 02 00    	imul   $0x20000,(%rcx),%ecx
 500:	2c 00                	sub    $0x0,%al
 502:	00 00                	add    %al,(%rax)
 504:	00 00                	add    %al,(%rax)
	...

Disassembly of section .rela.dyn:

0000000000000508 <.rela.dyn>:
 508:	f0 3d 00 00 00 00    	lock cmp $0x0,%eax
 50e:	00 00                	add    %al,(%rax)
 510:	08 00                	or     %al,(%rax)
 512:	00 00                	add    %al,(%rax)
 514:	00 00                	add    %al,(%rax)
 516:	00 00                	add    %al,(%rax)
 518:	60                   	(bad)  
 519:	11 00                	adc    %eax,(%rax)
 51b:	00 00                	add    %al,(%rax)
 51d:	00 00                	add    %al,(%rax)
 51f:	00 f8                	add    %bh,%al
 521:	3d 00 00 00 00       	cmp    $0x0,%eax
 526:	00 00                	add    %al,(%rax)
 528:	08 00                	or     %al,(%rax)
 52a:	00 00                	add    %al,(%rax)
 52c:	00 00                	add    %al,(%rax)
 52e:	00 00                	add    %al,(%rax)
 530:	20 11                	and    %dl,(%rcx)
 532:	00 00                	add    %al,(%rax)
 534:	00 00                	add    %al,(%rax)
 536:	00 00                	add    %al,(%rax)
 538:	08 40 00             	or     %al,0x0(%rax)
 53b:	00 00                	add    %al,(%rax)
 53d:	00 00                	add    %al,(%rax)
 53f:	00 08                	add    %cl,(%rax)
 541:	00 00                	add    %al,(%rax)
 543:	00 00                	add    %al,(%rax)
 545:	00 00                	add    %al,(%rax)
 547:	00 08                	add    %cl,(%rax)
 549:	40 00 00             	add    %al,(%rax)
 54c:	00 00                	add    %al,(%rax)
 54e:	00 00                	add    %al,(%rax)
 550:	d8 3f                	fdivrs (%rdi)
 552:	00 00                	add    %al,(%rax)
 554:	00 00                	add    %al,(%rax)
 556:	00 00                	add    %al,(%rax)
 558:	06                   	(bad)  
 559:	00 00                	add    %al,(%rax)
 55b:	00 01                	add    %al,(%rcx)
	...
 565:	00 00                	add    %al,(%rax)
 567:	00 e0                	add    %ah,%al
 569:	3f                   	(bad)  
 56a:	00 00                	add    %al,(%rax)
 56c:	00 00                	add    %al,(%rax)
 56e:	00 00                	add    %al,(%rax)
 570:	06                   	(bad)  
 571:	00 00                	add    %al,(%rax)
 573:	00 02                	add    %al,(%rdx)
	...
 57d:	00 00                	add    %al,(%rax)
 57f:	00 e8                	add    %ch,%al
 581:	3f                   	(bad)  
 582:	00 00                	add    %al,(%rax)
 584:	00 00                	add    %al,(%rax)
 586:	00 00                	add    %al,(%rax)
 588:	06                   	(bad)  
 589:	00 00                	add    %al,(%rax)
 58b:	00 03                	add    %al,(%rbx)
	...
 595:	00 00                	add    %al,(%rax)
 597:	00 f0                	add    %dh,%al
 599:	3f                   	(bad)  
 59a:	00 00                	add    %al,(%rax)
 59c:	00 00                	add    %al,(%rax)
 59e:	00 00                	add    %al,(%rax)
 5a0:	06                   	(bad)  
 5a1:	00 00                	add    %al,(%rax)
 5a3:	00 04 00             	add    %al,(%rax,%rax,1)
	...
 5ae:	00 00                	add    %al,(%rax)
 5b0:	f8                   	clc    
 5b1:	3f                   	(bad)  
 5b2:	00 00                	add    %al,(%rax)
 5b4:	00 00                	add    %al,(%rax)
 5b6:	00 00                	add    %al,(%rax)
 5b8:	06                   	(bad)  
 5b9:	00 00                	add    %al,(%rax)
 5bb:	00 05 00 00 00 00    	add    %al,0x0(%rip)        # 5c1 <_init-0xa3f>
 5c1:	00 00                	add    %al,(%rax)
 5c3:	00 00                	add    %al,(%rax)
 5c5:	00 00                	add    %al,(%rax)
	...

Disassembly of section .init:

0000000000001000 <_init>:
    1000:	f3 0f 1e fa          	endbr64 
    1004:	48 83 ec 08          	sub    $0x8,%rsp
    1008:	48 8b 05 d9 2f 00 00 	mov    0x2fd9(%rip),%rax        # 3fe8 <__gmon_start__>
    100f:	48 85 c0             	test   %rax,%rax
    1012:	74 02                	je     1016 <_init+0x16>
    1014:	ff d0                	callq  *%rax
    1016:	48 83 c4 08          	add    $0x8,%rsp
    101a:	c3                   	retq   

Disassembly of section .plt:

0000000000001020 <.plt>:
    1020:	ff 35 a2 2f 00 00    	pushq  0x2fa2(%rip)        # 3fc8 <_GLOBAL_OFFSET_TABLE_+0x8>
    1026:	f2 ff 25 a3 2f 00 00 	bnd jmpq *0x2fa3(%rip)        # 3fd0 <_GLOBAL_OFFSET_TABLE_+0x10>
    102d:	0f 1f 00             	nopl   (%rax)

Disassembly of section .plt.got:

0000000000001030 <__cxa_finalize@plt>:
    1030:	f3 0f 1e fa          	endbr64 
    1034:	f2 ff 25 bd 2f 00 00 	bnd jmpq *0x2fbd(%rip)        # 3ff8 <__cxa_finalize@GLIBC_2.2.5>
    103b:	0f 1f 44 00 00       	nopl   0x0(%rax,%rax,1)

Disassembly of section .text:

0000000000001040 <main>:
    1040:	f3 0f 1e fa          	endbr64 
    1044:	8b 05 ca 2f 00 00    	mov    0x2fca(%rip),%eax        # 4014 <temp>
    104a:	31 c9                	xor    %ecx,%ecx
    104c:	89 c2                	mov    %eax,%edx
    104e:	83 fa 13             	cmp    $0x13,%edx
    1051:	7f 06                	jg     1059 <main+0x19>
    1053:	ff c2                	inc    %edx
    1055:	b1 01                	mov    $0x1,%cl
    1057:	eb f5                	jmp    104e <main+0xe>
    1059:	ba 14 00 00 00       	mov    $0x14,%edx
    105e:	be 00 00 00 00       	mov    $0x0,%esi
    1063:	29 c2                	sub    %eax,%edx
    1065:	83 f8 14             	cmp    $0x14,%eax
    1068:	0f 4f d6             	cmovg  %esi,%edx
    106b:	01 d0                	add    %edx,%eax
    106d:	84 c9                	test   %cl,%cl
    106f:	74 06                	je     1077 <main+0x37>
    1071:	89 05 9d 2f 00 00    	mov    %eax,0x2f9d(%rip)        # 4014 <temp>
    1077:	31 c0                	xor    %eax,%eax
    1079:	c3                   	retq   
    107a:	66 0f 1f 44 00 00    	nopw   0x0(%rax,%rax,1)

0000000000001080 <_start>:
    1080:	f3 0f 1e fa          	endbr64 
    1084:	31 ed                	xor    %ebp,%ebp
    1086:	49 89 d1             	mov    %rdx,%r9
    1089:	5e                   	pop    %rsi
    108a:	48 89 e2             	mov    %rsp,%rdx
    108d:	48 83 e4 f0          	and    $0xfffffffffffffff0,%rsp
    1091:	50                   	push   %rax
    1092:	54                   	push   %rsp
    1093:	4c 8d 05 46 01 00 00 	lea    0x146(%rip),%r8        # 11e0 <__libc_csu_fini>
    109a:	48 8d 0d cf 00 00 00 	lea    0xcf(%rip),%rcx        # 1170 <__libc_csu_init>
    10a1:	48 8d 3d 98 ff ff ff 	lea    -0x68(%rip),%rdi        # 1040 <main>
    10a8:	ff 15 32 2f 00 00    	callq  *0x2f32(%rip)        # 3fe0 <__libc_start_main@GLIBC_2.2.5>
    10ae:	f4                   	hlt    
    10af:	90                   	nop

00000000000010b0 <deregister_tm_clones>:
    10b0:	48 8d 3d 59 2f 00 00 	lea    0x2f59(%rip),%rdi        # 4010 <__TMC_END__>
    10b7:	48 8d 05 52 2f 00 00 	lea    0x2f52(%rip),%rax        # 4010 <__TMC_END__>
    10be:	48 39 f8             	cmp    %rdi,%rax
    10c1:	74 15                	je     10d8 <deregister_tm_clones+0x28>
    10c3:	48 8b 05 0e 2f 00 00 	mov    0x2f0e(%rip),%rax        # 3fd8 <_ITM_deregisterTMCloneTable>
    10ca:	48 85 c0             	test   %rax,%rax
    10cd:	74 09                	je     10d8 <deregister_tm_clones+0x28>
    10cf:	ff e0                	jmpq   *%rax
    10d1:	0f 1f 80 00 00 00 00 	nopl   0x0(%rax)
    10d8:	c3                   	retq   
    10d9:	0f 1f 80 00 00 00 00 	nopl   0x0(%rax)

00000000000010e0 <register_tm_clones>:
    10e0:	48 8d 3d 29 2f 00 00 	lea    0x2f29(%rip),%rdi        # 4010 <__TMC_END__>
    10e7:	48 8d 35 22 2f 00 00 	lea    0x2f22(%rip),%rsi        # 4010 <__TMC_END__>
    10ee:	48 29 fe             	sub    %rdi,%rsi
    10f1:	48 89 f0             	mov    %rsi,%rax
    10f4:	48 c1 ee 3f          	shr    $0x3f,%rsi
    10f8:	48 c1 f8 03          	sar    $0x3,%rax
    10fc:	48 01 c6             	add    %rax,%rsi
    10ff:	48 d1 fe             	sar    %rsi
    1102:	74 14                	je     1118 <register_tm_clones+0x38>
    1104:	48 8b 05 e5 2e 00 00 	mov    0x2ee5(%rip),%rax        # 3ff0 <_ITM_registerTMCloneTable>
    110b:	48 85 c0             	test   %rax,%rax
    110e:	74 08                	je     1118 <register_tm_clones+0x38>
    1110:	ff e0                	jmpq   *%rax
    1112:	66 0f 1f 44 00 00    	nopw   0x0(%rax,%rax,1)
    1118:	c3                   	retq   
    1119:	0f 1f 80 00 00 00 00 	nopl   0x0(%rax)

0000000000001120 <__do_global_dtors_aux>:
    1120:	f3 0f 1e fa          	endbr64 
    1124:	80 3d e5 2e 00 00 00 	cmpb   $0x0,0x2ee5(%rip)        # 4010 <__TMC_END__>
    112b:	75 2b                	jne    1158 <__do_global_dtors_aux+0x38>
    112d:	55                   	push   %rbp
    112e:	48 83 3d c2 2e 00 00 	cmpq   $0x0,0x2ec2(%rip)        # 3ff8 <__cxa_finalize@GLIBC_2.2.5>
    1135:	00 
    1136:	48 89 e5             	mov    %rsp,%rbp
    1139:	74 0c                	je     1147 <__do_global_dtors_aux+0x27>
    113b:	48 8b 3d c6 2e 00 00 	mov    0x2ec6(%rip),%rdi        # 4008 <__dso_handle>
    1142:	e8 e9 fe ff ff       	callq  1030 <__cxa_finalize@plt>
    1147:	e8 64 ff ff ff       	callq  10b0 <deregister_tm_clones>
    114c:	c6 05 bd 2e 00 00 01 	movb   $0x1,0x2ebd(%rip)        # 4010 <__TMC_END__>
    1153:	5d                   	pop    %rbp
    1154:	c3                   	retq   
    1155:	0f 1f 00             	nopl   (%rax)
    1158:	c3                   	retq   
    1159:	0f 1f 80 00 00 00 00 	nopl   0x0(%rax)

0000000000001160 <frame_dummy>:
    1160:	f3 0f 1e fa          	endbr64 
    1164:	e9 77 ff ff ff       	jmpq   10e0 <register_tm_clones>
    1169:	0f 1f 80 00 00 00 00 	nopl   0x0(%rax)

0000000000001170 <__libc_csu_init>:
    1170:	f3 0f 1e fa          	endbr64 
    1174:	41 57                	push   %r15
    1176:	4c 8d 3d 73 2c 00 00 	lea    0x2c73(%rip),%r15        # 3df0 <__frame_dummy_init_array_entry>
    117d:	41 56                	push   %r14
    117f:	49 89 d6             	mov    %rdx,%r14
    1182:	41 55                	push   %r13
    1184:	49 89 f5             	mov    %rsi,%r13
    1187:	41 54                	push   %r12
    1189:	41 89 fc             	mov    %edi,%r12d
    118c:	55                   	push   %rbp
    118d:	48 8d 2d 64 2c 00 00 	lea    0x2c64(%rip),%rbp        # 3df8 <__do_global_dtors_aux_fini_array_entry>
    1194:	53                   	push   %rbx
    1195:	4c 29 fd             	sub    %r15,%rbp
    1198:	48 83 ec 08          	sub    $0x8,%rsp
    119c:	e8 5f fe ff ff       	callq  1000 <_init>
    11a1:	48 c1 fd 03          	sar    $0x3,%rbp
    11a5:	74 1f                	je     11c6 <__libc_csu_init+0x56>
    11a7:	31 db                	xor    %ebx,%ebx
    11a9:	0f 1f 80 00 00 00 00 	nopl   0x0(%rax)
    11b0:	4c 89 f2             	mov    %r14,%rdx
    11b3:	4c 89 ee             	mov    %r13,%rsi
    11b6:	44 89 e7             	mov    %r12d,%edi
    11b9:	41 ff 14 df          	callq  *(%r15,%rbx,8)
    11bd:	48 83 c3 01          	add    $0x1,%rbx
    11c1:	48 39 dd             	cmp    %rbx,%rbp
    11c4:	75 ea                	jne    11b0 <__libc_csu_init+0x40>
    11c6:	48 83 c4 08          	add    $0x8,%rsp
    11ca:	5b                   	pop    %rbx
    11cb:	5d                   	pop    %rbp
    11cc:	41 5c                	pop    %r12
    11ce:	41 5d                	pop    %r13
    11d0:	41 5e                	pop    %r14
    11d2:	41 5f                	pop    %r15
    11d4:	c3                   	retq   
    11d5:	66 66 2e 0f 1f 84 00 	data16 nopw %cs:0x0(%rax,%rax,1)
    11dc:	00 00 00 00 

00000000000011e0 <__libc_csu_fini>:
    11e0:	f3 0f 1e fa          	endbr64 
    11e4:	c3                   	retq   

Disassembly of section .fini:

00000000000011e8 <_fini>:
    11e8:	f3 0f 1e fa          	endbr64 
    11ec:	48 83 ec 08          	sub    $0x8,%rsp
    11f0:	48 83 c4 08          	add    $0x8,%rsp
    11f4:	c3                   	retq   

Disassembly of section .rodata:

0000000000002000 <_IO_stdin_used>:
    2000:	01 00                	add    %eax,(%rax)
    2002:	02 00                	add    (%rax),%al

Disassembly of section .eh_frame_hdr:

0000000000002004 <__GNU_EH_FRAME_HDR>:
    2004:	01 1b                	add    %ebx,(%rbx)
    2006:	03 3b                	add    (%rbx),%edi
    2008:	38 00                	cmp    %al,(%rax)
    200a:	00 00                	add    %al,(%rax)
    200c:	06                   	(bad)  
    200d:	00 00                	add    %al,(%rax)
    200f:	00 1c f0             	add    %bl,(%rax,%rsi,8)
    2012:	ff                   	(bad)  
    2013:	ff 6c 00 00          	ljmp   *0x0(%rax,%rax,1)
    2017:	00 2c f0             	add    %ch,(%rax,%rsi,8)
    201a:	ff                   	(bad)  
    201b:	ff 94 00 00 00 3c f0 	callq  *-0xfc40000(%rax,%rax,1)
    2022:	ff                   	(bad)  
    2023:	ff ac 00 00 00 7c f0 	ljmp   *-0xf840000(%rax,%rax,1)
    202a:	ff                   	(bad)  
    202b:	ff 54 00 00          	callq  *0x0(%rax,%rax,1)
    202f:	00 6c f1 ff          	add    %ch,-0x1(%rcx,%rsi,8)
    2033:	ff c4                	inc    %esp
    2035:	00 00                	add    %al,(%rax)
    2037:	00 dc                	add    %bl,%ah
    2039:	f1                   	icebp  
    203a:	ff                   	(bad)  
    203b:	ff 0c 01             	decl   (%rcx,%rax,1)
	...

Disassembly of section .eh_frame:

0000000000002040 <__FRAME_END__-0xe4>:
    2040:	14 00                	adc    $0x0,%al
    2042:	00 00                	add    %al,(%rax)
    2044:	00 00                	add    %al,(%rax)
    2046:	00 00                	add    %al,(%rax)
    2048:	01 7a 52             	add    %edi,0x52(%rdx)
    204b:	00 01                	add    %al,(%rcx)
    204d:	78 10                	js     205f <__GNU_EH_FRAME_HDR+0x5b>
    204f:	01 1b                	add    %ebx,(%rbx)
    2051:	0c 07                	or     $0x7,%al
    2053:	08 90 01 00 00 14    	or     %dl,0x14000001(%rax)
    2059:	00 00                	add    %al,(%rax)
    205b:	00 1c 00             	add    %bl,(%rax,%rax,1)
    205e:	00 00                	add    %al,(%rax)
    2060:	20 f0                	and    %dh,%al
    2062:	ff                   	(bad)  
    2063:	ff 2f                	ljmp   *(%rdi)
    2065:	00 00                	add    %al,(%rax)
    2067:	00 00                	add    %al,(%rax)
    2069:	44 07                	rex.R (bad) 
    206b:	10 00                	adc    %al,(%rax)
    206d:	00 00                	add    %al,(%rax)
    206f:	00 24 00             	add    %ah,(%rax,%rax,1)
    2072:	00 00                	add    %al,(%rax)
    2074:	34 00                	xor    $0x0,%al
    2076:	00 00                	add    %al,(%rax)
    2078:	a8 ef                	test   $0xef,%al
    207a:	ff                   	(bad)  
    207b:	ff 10                	callq  *(%rax)
    207d:	00 00                	add    %al,(%rax)
    207f:	00 00                	add    %al,(%rax)
    2081:	0e                   	(bad)  
    2082:	10 46 0e             	adc    %al,0xe(%rsi)
    2085:	18 4a 0f             	sbb    %cl,0xf(%rdx)
    2088:	0b 77 08             	or     0x8(%rdi),%esi
    208b:	80 00 3f             	addb   $0x3f,(%rax)
    208e:	1a 3a                	sbb    (%rdx),%bh
    2090:	2a 33                	sub    (%rbx),%dh
    2092:	24 22                	and    $0x22,%al
    2094:	00 00                	add    %al,(%rax)
    2096:	00 00                	add    %al,(%rax)
    2098:	14 00                	adc    $0x0,%al
    209a:	00 00                	add    %al,(%rax)
    209c:	5c                   	pop    %rsp
    209d:	00 00                	add    %al,(%rax)
    209f:	00 90 ef ff ff 10    	add    %dl,0x10ffffef(%rax)
	...
    20ad:	00 00                	add    %al,(%rax)
    20af:	00 14 00             	add    %dl,(%rax,%rax,1)
    20b2:	00 00                	add    %al,(%rax)
    20b4:	74 00                	je     20b6 <__GNU_EH_FRAME_HDR+0xb2>
    20b6:	00 00                	add    %al,(%rax)
    20b8:	88 ef                	mov    %ch,%bh
    20ba:	ff                   	(bad)  
    20bb:	ff                   	(bad)  
    20bc:	3a 00                	cmp    (%rax),%al
	...
    20c6:	00 00                	add    %al,(%rax)
    20c8:	44 00 00             	add    %r8b,(%rax)
    20cb:	00 8c 00 00 00 a0 f0 	add    %cl,-0xf600000(%rax,%rax,1)
    20d2:	ff                   	(bad)  
    20d3:	ff 65 00             	jmpq   *0x0(%rbp)
    20d6:	00 00                	add    %al,(%rax)
    20d8:	00 46 0e             	add    %al,0xe(%rsi)
    20db:	10 8f 02 49 0e 18    	adc    %cl,0x180e4902(%rdi)
    20e1:	8e 03                	mov    (%rbx),%es
    20e3:	45 0e                	rex.RB (bad) 
    20e5:	20 8d 04 45 0e 28    	and    %cl,0x280e4504(%rbp)
    20eb:	8c 05 44 0e 30 86    	mov    %es,-0x79cff1bc(%rip)        # ffffffff86302f35 <_end+0xffffffff862fef1d>
    20f1:	06                   	(bad)  
    20f2:	48 0e                	rex.W (bad) 
    20f4:	38 83 07 47 0e 40    	cmp    %al,0x400e4707(%rbx)
    20fa:	6e                   	outsb  %ds:(%rsi),(%dx)
    20fb:	0e                   	(bad)  
    20fc:	38 41 0e             	cmp    %al,0xe(%rcx)
    20ff:	30 41 0e             	xor    %al,0xe(%rcx)
    2102:	28 42 0e             	sub    %al,0xe(%rdx)
    2105:	20 42 0e             	and    %al,0xe(%rdx)
    2108:	18 42 0e             	sbb    %al,0xe(%rdx)
    210b:	10 42 0e             	adc    %al,0xe(%rdx)
    210e:	08 00                	or     %al,(%rax)
    2110:	10 00                	adc    %al,(%rax)
    2112:	00 00                	add    %al,(%rax)
    2114:	d4                   	(bad)  
    2115:	00 00                	add    %al,(%rax)
    2117:	00 c8                	add    %cl,%al
    2119:	f0 ff                	lock (bad) 
    211b:	ff 05 00 00 00 00    	incl   0x0(%rip)        # 2121 <__GNU_EH_FRAME_HDR+0x11d>
    2121:	00 00                	add    %al,(%rax)
	...

0000000000002124 <__FRAME_END__>:
    2124:	00 00                	add    %al,(%rax)
	...

Disassembly of section .init_array:

0000000000003df0 <__frame_dummy_init_array_entry>:
    3df0:	60                   	(bad)  
    3df1:	11 00                	adc    %eax,(%rax)
    3df3:	00 00                	add    %al,(%rax)
    3df5:	00 00                	add    %al,(%rax)
	...

Disassembly of section .fini_array:

0000000000003df8 <__do_global_dtors_aux_fini_array_entry>:
    3df8:	20 11                	and    %dl,(%rcx)
    3dfa:	00 00                	add    %al,(%rax)
    3dfc:	00 00                	add    %al,(%rax)
	...

Disassembly of section .dynamic:

0000000000003e00 <_DYNAMIC>:
    3e00:	01 00                	add    %eax,(%rax)
    3e02:	00 00                	add    %al,(%rax)
    3e04:	00 00                	add    %al,(%rax)
    3e06:	00 00                	add    %al,(%rax)
    3e08:	01 00                	add    %eax,(%rax)
    3e0a:	00 00                	add    %al,(%rax)
    3e0c:	00 00                	add    %al,(%rax)
    3e0e:	00 00                	add    %al,(%rax)
    3e10:	0c 00                	or     $0x0,%al
    3e12:	00 00                	add    %al,(%rax)
    3e14:	00 00                	add    %al,(%rax)
    3e16:	00 00                	add    %al,(%rax)
    3e18:	00 10                	add    %dl,(%rax)
    3e1a:	00 00                	add    %al,(%rax)
    3e1c:	00 00                	add    %al,(%rax)
    3e1e:	00 00                	add    %al,(%rax)
    3e20:	0d 00 00 00 00       	or     $0x0,%eax
    3e25:	00 00                	add    %al,(%rax)
    3e27:	00 e8                	add    %ch,%al
    3e29:	11 00                	adc    %eax,(%rax)
    3e2b:	00 00                	add    %al,(%rax)
    3e2d:	00 00                	add    %al,(%rax)
    3e2f:	00 19                	add    %bl,(%rcx)
    3e31:	00 00                	add    %al,(%rax)
    3e33:	00 00                	add    %al,(%rax)
    3e35:	00 00                	add    %al,(%rax)
    3e37:	00 f0                	add    %dh,%al
    3e39:	3d 00 00 00 00       	cmp    $0x0,%eax
    3e3e:	00 00                	add    %al,(%rax)
    3e40:	1b 00                	sbb    (%rax),%eax
    3e42:	00 00                	add    %al,(%rax)
    3e44:	00 00                	add    %al,(%rax)
    3e46:	00 00                	add    %al,(%rax)
    3e48:	08 00                	or     %al,(%rax)
    3e4a:	00 00                	add    %al,(%rax)
    3e4c:	00 00                	add    %al,(%rax)
    3e4e:	00 00                	add    %al,(%rax)
    3e50:	1a 00                	sbb    (%rax),%al
    3e52:	00 00                	add    %al,(%rax)
    3e54:	00 00                	add    %al,(%rax)
    3e56:	00 00                	add    %al,(%rax)
    3e58:	f8                   	clc    
    3e59:	3d 00 00 00 00       	cmp    $0x0,%eax
    3e5e:	00 00                	add    %al,(%rax)
    3e60:	1c 00                	sbb    $0x0,%al
    3e62:	00 00                	add    %al,(%rax)
    3e64:	00 00                	add    %al,(%rax)
    3e66:	00 00                	add    %al,(%rax)
    3e68:	08 00                	or     %al,(%rax)
    3e6a:	00 00                	add    %al,(%rax)
    3e6c:	00 00                	add    %al,(%rax)
    3e6e:	00 00                	add    %al,(%rax)
    3e70:	f5                   	cmc    
    3e71:	fe                   	(bad)  
    3e72:	ff 6f 00             	ljmp   *0x0(%rdi)
    3e75:	00 00                	add    %al,(%rax)
    3e77:	00 a0 03 00 00 00    	add    %ah,0x3(%rax)
    3e7d:	00 00                	add    %al,(%rax)
    3e7f:	00 05 00 00 00 00    	add    %al,0x0(%rip)        # 3e85 <_DYNAMIC+0x85>
    3e85:	00 00                	add    %al,(%rax)
    3e87:	00 58 04             	add    %bl,0x4(%rax)
    3e8a:	00 00                	add    %al,(%rax)
    3e8c:	00 00                	add    %al,(%rax)
    3e8e:	00 00                	add    %al,(%rax)
    3e90:	06                   	(bad)  
    3e91:	00 00                	add    %al,(%rax)
    3e93:	00 00                	add    %al,(%rax)
    3e95:	00 00                	add    %al,(%rax)
    3e97:	00 c8                	add    %cl,%al
    3e99:	03 00                	add    (%rax),%eax
    3e9b:	00 00                	add    %al,(%rax)
    3e9d:	00 00                	add    %al,(%rax)
    3e9f:	00 0a                	add    %cl,(%rdx)
    3ea1:	00 00                	add    %al,(%rax)
    3ea3:	00 00                	add    %al,(%rax)
    3ea5:	00 00                	add    %al,(%rax)
    3ea7:	00 7d 00             	add    %bh,0x0(%rbp)
    3eaa:	00 00                	add    %al,(%rax)
    3eac:	00 00                	add    %al,(%rax)
    3eae:	00 00                	add    %al,(%rax)
    3eb0:	0b 00                	or     (%rax),%eax
    3eb2:	00 00                	add    %al,(%rax)
    3eb4:	00 00                	add    %al,(%rax)
    3eb6:	00 00                	add    %al,(%rax)
    3eb8:	18 00                	sbb    %al,(%rax)
    3eba:	00 00                	add    %al,(%rax)
    3ebc:	00 00                	add    %al,(%rax)
    3ebe:	00 00                	add    %al,(%rax)
    3ec0:	15 00 00 00 00       	adc    $0x0,%eax
	...
    3ecd:	00 00                	add    %al,(%rax)
    3ecf:	00 03                	add    %al,(%rbx)
    3ed1:	00 00                	add    %al,(%rax)
    3ed3:	00 00                	add    %al,(%rax)
    3ed5:	00 00                	add    %al,(%rax)
    3ed7:	00 c0                	add    %al,%al
    3ed9:	3f                   	(bad)  
    3eda:	00 00                	add    %al,(%rax)
    3edc:	00 00                	add    %al,(%rax)
    3ede:	00 00                	add    %al,(%rax)
    3ee0:	07                   	(bad)  
    3ee1:	00 00                	add    %al,(%rax)
    3ee3:	00 00                	add    %al,(%rax)
    3ee5:	00 00                	add    %al,(%rax)
    3ee7:	00 08                	add    %cl,(%rax)
    3ee9:	05 00 00 00 00       	add    $0x0,%eax
    3eee:	00 00                	add    %al,(%rax)
    3ef0:	08 00                	or     %al,(%rax)
    3ef2:	00 00                	add    %al,(%rax)
    3ef4:	00 00                	add    %al,(%rax)
    3ef6:	00 00                	add    %al,(%rax)
    3ef8:	c0 00 00             	rolb   $0x0,(%rax)
    3efb:	00 00                	add    %al,(%rax)
    3efd:	00 00                	add    %al,(%rax)
    3eff:	00 09                	add    %cl,(%rcx)
    3f01:	00 00                	add    %al,(%rax)
    3f03:	00 00                	add    %al,(%rax)
    3f05:	00 00                	add    %al,(%rax)
    3f07:	00 18                	add    %bl,(%rax)
    3f09:	00 00                	add    %al,(%rax)
    3f0b:	00 00                	add    %al,(%rax)
    3f0d:	00 00                	add    %al,(%rax)
    3f0f:	00 1e                	add    %bl,(%rsi)
    3f11:	00 00                	add    %al,(%rax)
    3f13:	00 00                	add    %al,(%rax)
    3f15:	00 00                	add    %al,(%rax)
    3f17:	00 08                	add    %cl,(%rax)
    3f19:	00 00                	add    %al,(%rax)
    3f1b:	00 00                	add    %al,(%rax)
    3f1d:	00 00                	add    %al,(%rax)
    3f1f:	00 fb                	add    %bh,%bl
    3f21:	ff                   	(bad)  
    3f22:	ff 6f 00             	ljmp   *0x0(%rdi)
    3f25:	00 00                	add    %al,(%rax)
    3f27:	00 01                	add    %al,(%rcx)
    3f29:	00 00                	add    %al,(%rax)
    3f2b:	08 00                	or     %al,(%rax)
    3f2d:	00 00                	add    %al,(%rax)
    3f2f:	00 fe                	add    %bh,%dh
    3f31:	ff                   	(bad)  
    3f32:	ff 6f 00             	ljmp   *0x0(%rdi)
    3f35:	00 00                	add    %al,(%rax)
    3f37:	00 e8                	add    %ch,%al
    3f39:	04 00                	add    $0x0,%al
    3f3b:	00 00                	add    %al,(%rax)
    3f3d:	00 00                	add    %al,(%rax)
    3f3f:	00 ff                	add    %bh,%bh
    3f41:	ff                   	(bad)  
    3f42:	ff 6f 00             	ljmp   *0x0(%rdi)
    3f45:	00 00                	add    %al,(%rax)
    3f47:	00 01                	add    %al,(%rcx)
    3f49:	00 00                	add    %al,(%rax)
    3f4b:	00 00                	add    %al,(%rax)
    3f4d:	00 00                	add    %al,(%rax)
    3f4f:	00 f0                	add    %dh,%al
    3f51:	ff                   	(bad)  
    3f52:	ff 6f 00             	ljmp   *0x0(%rdi)
    3f55:	00 00                	add    %al,(%rax)
    3f57:	00 d6                	add    %dl,%dh
    3f59:	04 00                	add    $0x0,%al
    3f5b:	00 00                	add    %al,(%rax)
    3f5d:	00 00                	add    %al,(%rax)
    3f5f:	00 f9                	add    %bh,%cl
    3f61:	ff                   	(bad)  
    3f62:	ff 6f 00             	ljmp   *0x0(%rdi)
    3f65:	00 00                	add    %al,(%rax)
    3f67:	00 03                	add    %al,(%rbx)
	...

Disassembly of section .got:

0000000000003fc0 <_GLOBAL_OFFSET_TABLE_>:
    3fc0:	00 3e                	add    %bh,(%rsi)
	...

Disassembly of section .data:

0000000000004000 <__data_start>:
	...

0000000000004008 <__dso_handle>:
    4008:	08 40 00             	or     %al,0x0(%rax)
    400b:	00 00                	add    %al,(%rax)
    400d:	00 00                	add    %al,(%rax)
	...

Disassembly of section .bss:

0000000000004010 <completed.8060>:
    4010:	00 00                	add    %al,(%rax)
	...

0000000000004014 <temp>:
    4014:	00 00                	add    %al,(%rax)
	...

Disassembly of section .comment:

0000000000000000 <.comment>:
   0:	47                   	rex.RXB
   1:	43                   	rex.XB
   2:	43 3a 20             	rex.XB cmp (%r8),%spl
   5:	28 55 62             	sub    %dl,0x62(%rbp)
   8:	75 6e                	jne    78 <_init-0xf88>
   a:	74 75                	je     81 <_init-0xf7f>
   c:	20 39                	and    %bh,(%rcx)
   e:	2e 33 2e             	xor    %cs:(%rsi),%ebp
  11:	30 2d 31 37 75 62    	xor    %ch,0x62753731(%rip)        # 62753748 <_end+0x6274f730>
  17:	75 6e                	jne    87 <_init-0xf79>
  19:	74 75                	je     90 <_init-0xf70>
  1b:	31 7e 32             	xor    %edi,0x32(%rsi)
  1e:	30 2e                	xor    %ch,(%rsi)
  20:	30 34 29             	xor    %dh,(%rcx,%rbp,1)
  23:	20 39                	and    %bh,(%rcx)
  25:	2e 33 2e             	xor    %cs:(%rsi),%ebp
  28:	30 00                	xor    %al,(%rax)
